2021-02-27 15:48:13:344 [Appium] Welcome to Appium v1.15.1
2021-02-27 15:48:13:345 [Appium] Non-default server args:
2021-02-27 15:48:13:346 [Appium]   port: 31225
2021-02-27 15:48:13:346 [Appium]   sessionOverride: true
2021-02-27 15:48:13:346 [Appium]   logFile: D:\Eclipse_Workspace_For_Appium\AppiumDemo\Android_Redmi Note 8\Server.log
2021-02-27 15:48:13:379 [Appium] Appium REST http interface listener started on 0.0.0.0:31225
2021-02-27 15:48:13:552 [HTTP] --> GET /wd/hub/status
2021-02-27 15:48:13:553 [HTTP] {}
2021-02-27 15:48:13:558 [GENERIC] Calling AppiumDriver.getStatus() with args: []
2021-02-27 15:48:13:560 [GENERIC] Responding to client with driver.getStatus() result: {"build":{"version":"1.15.1"}}
2021-02-27 15:48:13:568 [HTTP] <-- GET /wd/hub/status 200 14 ms - 68
2021-02-27 15:48:13:568 [HTTP] 
2021-02-27 15:48:13:575 [HTTP] --> GET /wd/hub/status
2021-02-27 15:48:13:575 [HTTP] {}
2021-02-27 15:48:13:575 [GENERIC] Calling AppiumDriver.getStatus() with args: []
2021-02-27 15:48:13:576 [GENERIC] Responding to client with driver.getStatus() result: {"build":{"version":"1.15.1"}}
2021-02-27 15:48:13:577 [HTTP] <-- GET /wd/hub/status 200 2 ms - 68
2021-02-27 15:48:13:577 [HTTP] 
2021-02-27 15:48:14:628 [HTTP] --> POST /wd/hub/session
2021-02-27 15:48:14:628 [HTTP] {"desiredCapabilities":{"app":"D:\\Eclipse_Workspace_For_Appium\\AppiumDemo\\.\\apkContainer\\Sample_app.apk","appActivity":"com.swaglabsmobileapp.SplashActivity","appPackage":"com.swaglabsmobileapp","automationName":"UiAutomator2","chromeDriverPort":"11000","platformName":"Android","udid":"14f1fd48","deviceName":"Redmi Note 8","systemPort":"10000"},"capabilities":{"firstMatch":[{"appium:app":"D:\\Eclipse_Workspace_For_Appium\\AppiumDemo\\.\\apkContainer\\Sample_app.apk","appium:appActivity":"com.swaglabsmobileapp.SplashActivity","appium:appPackage":"com.swaglabsmobileapp","appium:automationName":"UiAutomator2","chromeDriverPort":"11000","appium:deviceName":"Redmi Note 8","platformName":"android","appium:systemPort":"10000","appium:udid":"14f1fd48"}]}}
2021-02-27 15:48:14:629 [W3C] Calling AppiumDriver.createSession() with args: [{"app":"D:\\Eclipse_Workspace_For_Appium\\AppiumDemo\\.\\apkContainer\\Sample_app.apk","appActivity":"com.swaglabsmobileapp.SplashActivity","appPackage":"com.swaglabsmobileapp","automationName":"UiAutomator2","chromeDriverPort":"11000","platformName":"Android","udid":"14f1fd48","deviceName":"Redmi Note 8","systemPort":"10000"},null,{"firstMatch":[{"appium:app":"D:\\Eclipse_Workspace_For_Appium\\AppiumDemo\\.\\apkContainer\\Sample_app.apk","appium:appActivity":"com.swaglabsmobileapp.SplashActivity","appium:appPackage":"com.swaglabsmobileapp","appium:automationName":"UiAutomator2","chromeDriverPort":"11000","appium:deviceName":"Redmi Note 8","platformName":"android","appium:systemPort":"10000","appium:udid":"14f1fd48"}]}]
2021-02-27 15:48:14:629 [BaseDriver] Event 'newSessionRequested' logged at 1614440894629 (21:18:14 GMT+0530 (India Standard Time))
2021-02-27 15:48:14:633 [BaseDriver] The capabilities ["chromeDriverPort"] are not standard capabilities and should have an extension prefix
2021-02-27 15:48:14:895 [Appium] Appium v1.15.1 creating new AndroidUiautomator2Driver (v1.37.2) session
2021-02-27 15:48:14:898 [BaseDriver] W3C capabilities and MJSONWP desired capabilities were provided
2021-02-27 15:48:14:898 [BaseDriver] Creating session with W3C capabilities: {
2021-02-27 15:48:14:898 [BaseDriver]   "alwaysMatch": {
2021-02-27 15:48:14:898 [BaseDriver]     "appium:chromeDriverPort": "11000",
2021-02-27 15:48:14:898 [BaseDriver]     "platformName": "android",
2021-02-27 15:48:14:898 [BaseDriver]     "appium:app": "D:\\Eclipse_Workspace_For_Appium\\AppiumDemo\\.\\apkContainer\\Sample_app.apk",
2021-02-27 15:48:14:898 [BaseDriver]     "appium:appActivity": "com.swaglabsmobileapp.SplashActivity",
2021-02-27 15:48:14:899 [BaseDriver]     "appium:appPackage": "com.swaglabsmobileapp",
2021-02-27 15:48:14:899 [BaseDriver]     "appium:automationName": "UiAutomator2",
2021-02-27 15:48:14:899 [BaseDriver]     "appium:deviceName": "Redmi Note 8",
2021-02-27 15:48:14:899 [BaseDriver]     "appium:systemPort": "10000",
2021-02-27 15:48:14:899 [BaseDriver]     "appium:udid": "14f1fd48"
2021-02-27 15:48:14:900 [BaseDriver]   },
2021-02-27 15:48:14:900 [BaseDriver]   "firstMatch": [
2021-02-27 15:48:14:914 [BaseDriver]     {}
2021-02-27 15:48:14:915 [BaseDriver]   ]
2021-02-27 15:48:14:915 [BaseDriver] }
2021-02-27 15:48:14:917 [BaseDriver] Number capability passed in as string. Functionality may be compromised.
2021-02-27 15:48:14:918 [BaseDriver] Number capability passed in as string. Functionality may be compromised.
2021-02-27 15:48:14:923 [BaseDriver] Capability 'systemPort' changed from string ('10000') to integer (10000). This may cause unexpected behavior
2021-02-27 15:48:14:924 [BaseDriver] Capability 'chromeDriverPort' changed from string ('11000') to integer (11000). This may cause unexpected behavior
2021-02-27 15:48:14:931 [BaseDriver] Session created with session id: cc78150d-22ff-4888-b991-45d5d1fb1dd5
2021-02-27 15:48:14:966 [BaseDriver] Using local app 'D:\Eclipse_Workspace_For_Appium\AppiumDemo\.\apkContainer\Sample_app.apk'
2021-02-27 15:48:14:966 [UiAutomator2] Checking whether app is actually present
2021-02-27 15:48:14:976 [ADB] Found 6 'build-tools' folders under 'C:\Users\Test\AppData\Local\Android\Sdk' (newest first):
2021-02-27 15:48:14:977 [ADB]     C:/Users/Test/AppData/Local/Android/Sdk/build-tools/28.0.3
2021-02-27 15:48:14:977 [ADB]     C:/Users/Test/AppData/Local/Android/Sdk/build-tools/27.0.0
2021-02-27 15:48:14:977 [ADB]     C:/Users/Test/AppData/Local/Android/Sdk/build-tools/26.0.3
2021-02-27 15:48:14:978 [ADB]     C:/Users/Test/AppData/Local/Android/Sdk/build-tools/26.0.2
2021-02-27 15:48:14:978 [ADB]     C:/Users/Test/AppData/Local/Android/Sdk/build-tools/26.0.1
2021-02-27 15:48:14:978 [ADB]     C:/Users/Test/AppData/Local/Android/Sdk/build-tools/26.0.0
2021-02-27 15:48:14:980 [ADB] Using 'adb.exe' from 'C:\Users\Test\AppData\Local\Android\Sdk\platform-tools\adb.exe'
2021-02-27 15:48:14:980 [AndroidDriver] Retrieving device list
2021-02-27 15:48:14:981 [ADB] Trying to find a connected android device
2021-02-27 15:48:14:982 [ADB] Getting connected devices...
2021-02-27 15:48:15:020 [ADB] Connected devices: [{"udid":"14f1fd48","state":"device"}]
2021-02-27 15:48:15:021 [AndroidDriver] Using device: 14f1fd48
2021-02-27 15:48:15:022 [ADB] Using 'adb.exe' from 'C:\Users\Test\AppData\Local\Android\Sdk\platform-tools\adb.exe'
2021-02-27 15:48:15:023 [ADB] Setting device id to 14f1fd48
2021-02-27 15:48:15:024 [ADB] Running 'C:\Users\Test\AppData\Local\Android\Sdk\platform-tools\adb.exe -P 5037 -s 14f1fd48 shell getprop ro.build.version.sdk'
2021-02-27 15:48:15:135 [ADB] Current device property 'ro.build.version.sdk': 28
2021-02-27 15:48:15:135 [ADB] Running 'C:\Users\Test\AppData\Local\Android\Sdk\platform-tools\adb.exe -P 5037 -s 14f1fd48 shell getprop ro.build.version.release'
2021-02-27 15:48:15:235 [ADB] Current device property 'ro.build.version.release': 9
2021-02-27 15:48:15:236 [ADB] Device API level: 28
2021-02-27 15:48:15:237 [UiAutomator2] Relaxing hidden api policy
2021-02-27 15:48:15:239 [ADB] Running 'C:\Users\Test\AppData\Local\Android\Sdk\platform-tools\adb.exe -P 5037 -s 14f1fd48 shell settings put global hidden_api_policy_pre_p_apps 1'
2021-02-27 15:48:15:441 [ADB] Running 'C:\Users\Test\AppData\Local\Android\Sdk\platform-tools\adb.exe -P 5037 -s 14f1fd48 shell settings put global hidden_api_policy_p_apps 1'
2021-02-27 15:48:15:596 [ADB] Running 'C:\Users\Test\AppData\Local\Android\Sdk\platform-tools\adb.exe -P 5037 -s 14f1fd48 shell settings put global hidden_api_policy 1'
2021-02-27 15:48:15:779 [ADB] Running 'C:\Users\Test\AppData\Local\Android\Sdk\platform-tools\adb.exe -P 5037 -s 14f1fd48 wait-for-device'
2021-02-27 15:48:15:834 [ADB] Running 'C:\Users\Test\AppData\Local\Android\Sdk\platform-tools\adb.exe -P 5037 -s 14f1fd48 shell echo ping'
2021-02-27 15:48:15:894 [AndroidDriver] Pushing settings apk to device...
2021-02-27 15:48:15:896 [ADB] Getting install status for io.appium.settings
2021-02-27 15:48:15:897 [ADB] Running 'C:\Users\Test\AppData\Local\Android\Sdk\platform-tools\adb.exe -P 5037 -s 14f1fd48 shell dumpsys package io.appium.settings'
2021-02-27 15:48:16:042 [ADB] 'io.appium.settings' is installed
2021-02-27 15:48:16:043 [ADB] Getting package info for 'io.appium.settings'
2021-02-27 15:48:16:044 [ADB] Running 'C:\Users\Test\AppData\Local\Android\Sdk\platform-tools\adb.exe -P 5037 -s 14f1fd48 shell dumpsys package io.appium.settings'
2021-02-27 15:48:16:164 [ADB] Cannot extract apk info using apkanalyzer. Falling back to aapt. Original error: Could not find 'apkanalyzer.bat' in ["C:\\Users\\Test\\AppData\\Local\\Android\\Sdk\\platform-tools\\apkanalyzer.bat","C:\\Users\\Test\\AppData\\Local\\Android\\Sdk\\emulator\\apkanalyzer.bat","C:\\Users\\Test\\AppData\\Local\\Android\\Sdk\\tools\\apkanalyzer.bat","C:\\Users\\Test\\AppData\\Local\\Android\\Sdk\\tools\\bin\\apkanalyzer.bat","C:\\Users\\Test\\AppData\\Local\\Android\\Sdk\\build-tools\\28.0.3\\apkanalyzer.bat","C:\\Users\\Test\\AppData\\Local\\Android\\Sdk\\build-tools\\27.0.0\\apkanalyzer.bat","C:\\Users\\Test\\AppData\\Local\\Android\\Sdk\\build-tools\\26.0.3\\apkanalyzer.bat","C:\\Users\\Test\\AppData\\Local\\Android\\Sdk\\build-tools\\26.0.2\\apkanalyzer.bat","C:\\Users\\Test\\AppData\\Local\\Android\\Sdk\\build-tools\\26.0.1\\apkanalyzer.bat","C:\\Users\\Test\\AppData\\Local\\Android\\Sdk\\build-tools\\26.0.0\\apkanalyzer.bat"]. Do you have Android Build Tools installed at 'C:\Users\Test\AppData\Local\Android\Sdk'?
2021-02-27 15:48:16:167 [ADB] Using 'aapt.exe' from 'C:\Users\Test\AppData\Local\Android\Sdk\build-tools\28.0.3\aapt.exe'
2021-02-27 15:48:16:215 [ADB] The version name of the installed 'io.appium.settings' is greater or equal to the application version name ('2.14.2' >= '2.14.2')
2021-02-27 15:48:16:216 [ADB] There is no need to install/upgrade 'C:\Users\Test\AppData\Roaming\npm\node_modules\appium\node_modules\io.appium.settings\apks\settings_apk-debug.apk'
2021-02-27 15:48:16:218 [ADB] Getting IDs of all 'io.appium.settings' processes
2021-02-27 15:48:16:218 [ADB] Running 'C:\Users\Test\AppData\Local\Android\Sdk\platform-tools\adb.exe -P 5037 -s 14f1fd48 shell 'pgrep --help; echo $?''
2021-02-27 15:48:16:331 [ADB] Running 'C:\Users\Test\AppData\Local\Android\Sdk\platform-tools\adb.exe -P 5037 -s 14f1fd48 shell pgrep -f io\\.appium\\.settings'
2021-02-27 15:48:16:469 [AndroidDriver] io.appium.settings is already running. There is no need to reset its permissions.
2021-02-27 15:48:16:470 [ADB] Running 'C:\Users\Test\AppData\Local\Android\Sdk\platform-tools\adb.exe -P 5037 -s 14f1fd48 shell appops set io.appium.settings android\:mock_location allow'
2021-02-27 15:48:16:580 [Logcat] Starting logcat capture
2021-02-27 15:48:16:697 [ADB] Getting install status for io.appium.uiautomator2.server
2021-02-27 15:48:16:698 [ADB] Running 'C:\Users\Test\AppData\Local\Android\Sdk\platform-tools\adb.exe -P 5037 -s 14f1fd48 shell dumpsys package io.appium.uiautomator2.server'
2021-02-27 15:48:16:833 [ADB] 'io.appium.uiautomator2.server' is installed
2021-02-27 15:48:16:833 [ADB] Getting package info for 'io.appium.uiautomator2.server'
2021-02-27 15:48:16:834 [ADB] Running 'C:\Users\Test\AppData\Local\Android\Sdk\platform-tools\adb.exe -P 5037 -s 14f1fd48 shell dumpsys package io.appium.uiautomator2.server'
2021-02-27 15:48:16:947 [ADB] Cannot extract apk info using apkanalyzer. Falling back to aapt. Original error: Could not find 'apkanalyzer.bat' in ["C:\\Users\\Test\\AppData\\Local\\Android\\Sdk\\platform-tools\\apkanalyzer.bat","C:\\Users\\Test\\AppData\\Local\\Android\\Sdk\\emulator\\apkanalyzer.bat","C:\\Users\\Test\\AppData\\Local\\Android\\Sdk\\tools\\apkanalyzer.bat","C:\\Users\\Test\\AppData\\Local\\Android\\Sdk\\tools\\bin\\apkanalyzer.bat","C:\\Users\\Test\\AppData\\Local\\Android\\Sdk\\build-tools\\28.0.3\\apkanalyzer.bat","C:\\Users\\Test\\AppData\\Local\\Android\\Sdk\\build-tools\\27.0.0\\apkanalyzer.bat","C:\\Users\\Test\\AppData\\Local\\Android\\Sdk\\build-tools\\26.0.3\\apkanalyzer.bat","C:\\Users\\Test\\AppData\\Local\\Android\\Sdk\\build-tools\\26.0.2\\apkanalyzer.bat","C:\\Users\\Test\\AppData\\Local\\Android\\Sdk\\build-tools\\26.0.1\\apkanalyzer.bat","C:\\Users\\Test\\AppData\\Local\\Android\\Sdk\\build-tools\\26.0.0\\apkanalyzer.bat"]. Do you have Android Build Tools installed at 'C:\Users\Test\AppData\Local\Android\Sdk'?
2021-02-27 15:48:16:967 [ADB] The version name of the installed 'io.appium.uiautomator2.server' is greater or equal to the application version name ('4.3.0' >= '4.3.0')
2021-02-27 15:48:16:967 [UiAutomator2] io.appium.uiautomator2.server installation state: sameVersionInstalled
2021-02-27 15:48:16:967 [ADB] Checking app cert for C:\Users\Test\AppData\Roaming\npm\node_modules\appium\node_modules\appium-uiautomator2-server\apks\appium-uiautomator2-server-v4.3.0.apk
2021-02-27 15:48:16:969 [ADB] Using 'apksigner.bat' from 'C:\Users\Test\AppData\Local\Android\Sdk\build-tools\28.0.3\apksigner.bat'
2021-02-27 15:48:16:970 [ADB] Starting 'C:\Users\Test\AppData\Local\Android\Sdk\build-tools\28.0.3\apksigner.bat' with args '["verify","--print-certs","C:\\Users\\Test\\AppData\\Roaming\\npm\\node_modules\\appium\\node_modules\\appium-uiautomator2-server\\apks\\appium-uiautomator2-server-v4.3.0.apk"]'
2021-02-27 15:48:17:768 [ADB] apksigner stdout: Signer #1 certificate DN: EMAILADDRESS=android@android.com, CN=Android, OU=Android, O=Android, L=Mountain View, ST=California, C=US
2021-02-27 15:48:17:768 [ADB] Signer #1 certificate SHA-256 digest: a40da80a59d170caa950cf15c18c454d47a39b26989d8b640ecd745ba71bf5dc
2021-02-27 15:48:17:768 [ADB] Signer #1 certificate SHA-1 digest: 61ed377e85d386a8dfee6b864bd85b0bfaa5af81
2021-02-27 15:48:17:768 [ADB] Signer #1 certificate MD5 digest: e89b158e4bcf988ebd09eb83f5378e87
2021-02-27 15:48:17:768 [ADB] 
2021-02-27 15:48:17:769 [ADB] 'C:\Users\Test\AppData\Roaming\npm\node_modules\appium\node_modules\appium-uiautomator2-server\apks\appium-uiautomator2-server-v4.3.0.apk' is already signed.
2021-02-27 15:48:17:769 [ADB] Getting install status for io.appium.uiautomator2.server.test
2021-02-27 15:48:17:769 [ADB] Running 'C:\Users\Test\AppData\Local\Android\Sdk\platform-tools\adb.exe -P 5037 -s 14f1fd48 shell dumpsys package io.appium.uiautomator2.server.test'
2021-02-27 15:48:17:866 [ADB] 'io.appium.uiautomator2.server.test' is installed
2021-02-27 15:48:17:866 [ADB] Checking app cert for C:\Users\Test\AppData\Roaming\npm\node_modules\appium\node_modules\appium-uiautomator2-server\apks\appium-uiautomator2-server-debug-androidTest.apk
2021-02-27 15:48:17:867 [ADB] Starting 'C:\Users\Test\AppData\Local\Android\Sdk\build-tools\28.0.3\apksigner.bat' with args '["verify","--print-certs","C:\\Users\\Test\\AppData\\Roaming\\npm\\node_modules\\appium\\node_modules\\appium-uiautomator2-server\\apks\\appium-uiautomator2-server-debug-androidTest.apk"]'
2021-02-27 15:48:18:672 [ADB] apksigner stdout: Signer #1 certificate DN: EMAILADDRESS=android@android.com, CN=Android, OU=Android, O=Android, L=Mountain View, ST=California, C=US
2021-02-27 15:48:18:672 [ADB] Signer #1 certificate SHA-256 digest: a40da80a59d170caa950cf15c18c454d47a39b26989d8b640ecd745ba71bf5dc
2021-02-27 15:48:18:673 [ADB] Signer #1 certificate SHA-1 digest: 61ed377e85d386a8dfee6b864bd85b0bfaa5af81
2021-02-27 15:48:18:673 [ADB] Signer #1 certificate MD5 digest: e89b158e4bcf988ebd09eb83f5378e87
2021-02-27 15:48:18:673 [ADB] 
2021-02-27 15:48:18:673 [ADB] 'C:\Users\Test\AppData\Roaming\npm\node_modules\appium\node_modules\appium-uiautomator2-server\apks\appium-uiautomator2-server-debug-androidTest.apk' is already signed.
2021-02-27 15:48:18:674 [UiAutomator2] Server packages are not going to be (re)installed
2021-02-27 15:48:18:685 [UiAutomator2] Waiting up to 30000ms for services to be available
2021-02-27 15:48:18:687 [ADB] Running 'C:\Users\Test\AppData\Local\Android\Sdk\platform-tools\adb.exe -P 5037 -s 14f1fd48 shell pm list instrumentation'
2021-02-27 15:48:18:807 [UiAutomator2] Instrumentation target 'io.appium.uiautomator2.server.test/androidx.test.runner.AndroidJUnitRunner' is available
2021-02-27 15:48:18:807 [UiAutomator2] Forwarding UiAutomator2 Server port 6790 to 10000
2021-02-27 15:48:18:808 [ADB] Forwarding system: 10000 to device: 6790
2021-02-27 15:48:18:808 [ADB] Running 'C:\Users\Test\AppData\Local\Android\Sdk\platform-tools\adb.exe -P 5037 -s 14f1fd48 forward tcp\:10000 tcp\:6790'
2021-02-27 15:48:18:867 [ADB] Checking app cert for D:\Eclipse_Workspace_For_Appium\AppiumDemo\.\apkContainer\Sample_app.apk
2021-02-27 15:48:18:867 [ADB] Starting 'C:\Users\Test\AppData\Local\Android\Sdk\build-tools\28.0.3\apksigner.bat' with args '["verify","--print-certs","D:\\Eclipse_Workspace_For_Appium\\AppiumDemo\\.\\apkContainer\\Sample_app.apk"]'
2021-02-27 15:48:21:046 [ADB] apksigner stdout: Signer #1 certificate DN: EMAILADDRESS=android@android.com, CN=Android, OU=Android, O=Android, L=Mountain View, ST=California, C=US
2021-02-27 15:48:21:046 [ADB] Signer #1 certificate SHA-256 digest: a40da80a59d170caa950cf15c18c454d47a39b26989d8b640ecd745ba71bf5dc
2021-02-27 15:48:21:046 [ADB] Signer #1 certificate SHA-1 digest: 61ed377e85d386a8dfee6b864bd85b0bfaa5af81
2021-02-27 15:48:21:046 [ADB] Signer #1 certificate MD5 digest: e89b158e4bcf988ebd09eb83f5378e87
2021-02-27 15:48:21:046 [ADB] 
2021-02-27 15:48:21:047 [ADB] 'D:\Eclipse_Workspace_For_Appium\AppiumDemo\.\apkContainer\Sample_app.apk' is already signed.
2021-02-27 15:48:21:047 [ADB] Getting install status for com.swaglabsmobileapp
2021-02-27 15:48:21:048 [ADB] Running 'C:\Users\Test\AppData\Local\Android\Sdk\platform-tools\adb.exe -P 5037 -s 14f1fd48 shell dumpsys package com.swaglabsmobileapp'
2021-02-27 15:48:21:151 [ADB] 'com.swaglabsmobileapp' is installed
2021-02-27 15:48:21:151 [ADB] Getting package info for 'com.swaglabsmobileapp'
2021-02-27 15:48:21:152 [ADB] Running 'C:\Users\Test\AppData\Local\Android\Sdk\platform-tools\adb.exe -P 5037 -s 14f1fd48 shell dumpsys package com.swaglabsmobileapp'
2021-02-27 15:48:21:279 [ADB] Cannot extract apk info using apkanalyzer. Falling back to aapt. Original error: Could not find 'apkanalyzer.bat' in ["C:\\Users\\Test\\AppData\\Local\\Android\\Sdk\\platform-tools\\apkanalyzer.bat","C:\\Users\\Test\\AppData\\Local\\Android\\Sdk\\emulator\\apkanalyzer.bat","C:\\Users\\Test\\AppData\\Local\\Android\\Sdk\\tools\\apkanalyzer.bat","C:\\Users\\Test\\AppData\\Local\\Android\\Sdk\\tools\\bin\\apkanalyzer.bat","C:\\Users\\Test\\AppData\\Local\\Android\\Sdk\\build-tools\\28.0.3\\apkanalyzer.bat","C:\\Users\\Test\\AppData\\Local\\Android\\Sdk\\build-tools\\27.0.0\\apkanalyzer.bat","C:\\Users\\Test\\AppData\\Local\\Android\\Sdk\\build-tools\\26.0.3\\apkanalyzer.bat","C:\\Users\\Test\\AppData\\Local\\Android\\Sdk\\build-tools\\26.0.2\\apkanalyzer.bat","C:\\Users\\Test\\AppData\\Local\\Android\\Sdk\\build-tools\\26.0.1\\apkanalyzer.bat","C:\\Users\\Test\\AppData\\Local\\Android\\Sdk\\build-tools\\26.0.0\\apkanalyzer.bat"]. Do you have Android Build Tools installed at 'C:\Users\Test\AppData\Local\Android\Sdk'?
2021-02-27 15:48:21:323 [ADB] The version name of the installed 'com.swaglabsmobileapp' is greater or equal to the application version name ('2.7.1' >= '2.7.1')
2021-02-27 15:48:21:324 [ADB] There is no need to install/upgrade 'D:\Eclipse_Workspace_For_Appium\AppiumDemo\.\apkContainer\Sample_app.apk'
2021-02-27 15:48:21:324 [AndroidDriver] Performing fast reset on 'com.swaglabsmobileapp'
2021-02-27 15:48:21:325 [ADB] Getting install status for com.swaglabsmobileapp
2021-02-27 15:48:21:326 [ADB] Running 'C:\Users\Test\AppData\Local\Android\Sdk\platform-tools\adb.exe -P 5037 -s 14f1fd48 shell dumpsys package com.swaglabsmobileapp'
2021-02-27 15:48:21:466 [ADB] 'com.swaglabsmobileapp' is installed
2021-02-27 15:48:21:467 [ADB] Running 'C:\Users\Test\AppData\Local\Android\Sdk\platform-tools\adb.exe -P 5037 -s 14f1fd48 shell am force-stop com.swaglabsmobileapp'
2021-02-27 15:48:21:608 [ADB] Running 'C:\Users\Test\AppData\Local\Android\Sdk\platform-tools\adb.exe -P 5037 -s 14f1fd48 shell pm clear com.swaglabsmobileapp'
2021-02-27 15:48:21:824 [AndroidDriver] Performed fast reset on the installed 'com.swaglabsmobileapp' application (stop and clear)
2021-02-27 15:48:21:827 [UiAutomator2] Performing shallow cleanup of automation leftovers
2021-02-27 15:48:21:860 [UiAutomator2] No obsolete sessions have been detected (Error: read ECONNRESET)
2021-02-27 15:48:21:861 [ADB] Running 'C:\Users\Test\AppData\Local\Android\Sdk\platform-tools\adb.exe -P 5037 -s 14f1fd48 shell am force-stop io.appium.uiautomator2.server.test'
2021-02-27 15:48:21:953 [UiAutomator2] Starting UIAutomator2 server 4.3.0
2021-02-27 15:48:21:953 [UiAutomator2] Using UIAutomator2 server from 'C:\Users\Test\AppData\Roaming\npm\node_modules\appium\node_modules\appium-uiautomator2-server\apks\appium-uiautomator2-server-v4.3.0.apk' and test from 'C:\Users\Test\AppData\Roaming\npm\node_modules\appium\node_modules\appium-uiautomator2-server\apks\appium-uiautomator2-server-debug-androidTest.apk'
2021-02-27 15:48:21:954 [UiAutomator2] Waiting up to 30000ms for UiAutomator2 to be online...
2021-02-27 15:48:21:955 [ADB] Creating ADB subprocess with args: ["-P",5037,"-s","14f1fd48","shell","am","instrument","-w","io.appium.uiautomator2.server.test/androidx.test.runner.AndroidJUnitRunner"]
2021-02-27 15:48:22:977 [WD Proxy] Matched '/status' to command name 'getStatus'
2021-02-27 15:48:22:982 [WD Proxy] Proxying [GET /status] to [GET http://localhost:10000/wd/hub/status] with no body
2021-02-27 15:48:22:999 [WD Proxy] Got an unexpected response with status undefined: {"errno":"ECONNRESET","code":"ECONNRESET","syscall":"read"}
2021-02-27 15:48:23:737 [Instrumentation] io.appium.uiautomator2.server.test.AppiumUiAutomator2Server:
2021-02-27 15:48:24:018 [WD Proxy] Matched '/status' to command name 'getStatus'
2021-02-27 15:48:24:019 [WD Proxy] Proxying [GET /status] to [GET http://localhost:10000/wd/hub/status] with no body
2021-02-27 15:48:24:036 [WD Proxy] Got an unexpected response with status undefined: {"errno":"ECONNRESET","code":"ECONNRESET","syscall":"read"}
2021-02-27 15:48:25:042 [WD Proxy] Matched '/status' to command name 'getStatus'
2021-02-27 15:48:25:043 [WD Proxy] Proxying [GET /status] to [GET http://localhost:10000/wd/hub/status] with no body
2021-02-27 15:48:25:172 [WD Proxy] Got response with status 200: {"sessionId":"None","value":{"ready":true,"message":"UiAutomator2 Server is ready to accept commands"}}
2021-02-27 15:48:25:174 [UiAutomator2] The initialization of the instrumentation process took 3220ms
2021-02-27 15:48:25:175 [WD Proxy] Matched '/session' to command name 'createSession'
2021-02-27 15:48:25:176 [WD Proxy] Proxying [POST /session] to [POST http://localhost:10000/wd/hub/session] with body: {"capabilities":{"firstMatch":[{"platform":"LINUX","webStorageEnabled":false,"takesScreenshot":true,"javascriptEnabled":true,"databaseEnabled":false,"networkConnectionEnabled":true,"locationContextEnabled":false,"warnings":{},"desired":{"platformName":"android","chromeDriverPort":11000,"app":"D:\\Eclipse_Workspace_For_Appium\\AppiumDemo\\.\\apkContainer\\Sample_app.apk","appActivity":"com.swaglabsmobileapp.SplashActivity","appPackage":"com.swaglabsmobileapp","automationName":"UiAutomator2","deviceName":"Redmi Note 8","systemPort":10000,"udid":"14f1fd48"},"platformName":"android","chromeDriverPort":11000,"app":"D:\\Eclipse_Workspace_For_Appium\\AppiumDemo\\.\\apkContainer\\Sample_app.apk","appActivity":"com.swaglabsmobileapp.SplashActivity","appPackage":"com.swaglabsmobileapp","automationName":"UiAutomator2","deviceName":"14f1fd48","systemPort":10000,"udid":"14f1fd48","deviceUDID":"14f1fd48"}],"alwaysMatch":{}}}
2021-02-27 15:48:25:240 [WD Proxy] Got response with status 200: {"sessionId":"85ddd571-dc2f-46ee-85eb-c8da6ac17023","value":{"sessionId":"85ddd571-dc2f-46ee-85eb-c8da6ac17023","capabilities":{"firstMatch":[{"platform":"LINUX","webStorageEnabled":false,"takesScreenshot":true,"javascriptEnabled":true,"databaseEnabled":false,"networkConnectionEnabled":true,"locationContextEnabled":false,"warnings":{},"desired":{"platformName":"android","chromeDriverPort":11000,"app":"D:\\Eclipse_Workspace_For_Appium\\AppiumDemo\\.\\apkContainer\\Sample_app.apk","appActivity":"com.swaglabsmobileapp.SplashActivity","appPackage":"com.swaglabsmobileapp","automationName":"UiAutomator2","deviceName":"Redmi Note 8","systemPort":10000,"udid":"14f1fd48"},"platformName":"android","chromeDriverPort":11000,"app":"D:\\Eclipse_Workspace_For_Appium\\AppiumDemo\\.\\apkContainer\\Sample_app.apk","appActivity":"com.swaglabsmobileapp.SplashActivity","appPackage":"com.swaglabsmobileapp","automationName":"UiAutomator2","deviceName":"14f1fd48","systemPort":10000,"udid":"14f1fd48","deviceUDID":"14f1fd48"}],"alw...
2021-02-27 15:48:25:241 [WD Proxy] Determined the downstream protocol as 'W3C'
2021-02-27 15:48:25:258 [WD Proxy] Proxying [GET /appium/device/info] to [GET http://localhost:10000/wd/hub/session/85ddd571-dc2f-46ee-85eb-c8da6ac17023/appium/device/info] with no body
2021-02-27 15:48:25:334 [WD Proxy] Got response with status 200: {"sessionId":"85ddd571-dc2f-46ee-85eb-c8da6ac17023","value":{"androidId":"5d2d0cd1323a812d","manufacturer":"Xiaomi","model":"Redmi Note 8","brand":"xiaomi","apiVersion":"28","platformVersion":"9","carrierName":"Jio 4G","realDisplaySize":"1080x2340","displayDensity":440,"networks":[{"type":0,"typeName":"MOBILE","subtype":13,"subtypeName":"LTE","isConnected":true,"detailedState":"CONNECTED","state":"CONNECTED","extraInfo":"ims","isAvailable":true,"isFailover":false,"isRoaming":false,"capabilities":{"transportTypes":"NET_CAPABILITY_MMS","networkCapabilities":"","linkUpstreamBandwidthKbps":51200,"linkDownBandwidthKbps":102400,"signalStrength":-2147483648,"networkSpecifier":"1","SSID":null}},{"type":0,"typeName":"MOBILE","subtype":13,"subtypeName":"LTE","isConnected":true,"detailedState":"CONNECTED","state":"CONNECTED","extraInfo":"ims","isAvailable":true,"isFailover":false,"isRoaming":false,"capabilities":{"transportTypes":"NET_CAPABILITY_MMS","networkCapabilities":"","linkUpstreamBandwidthKbps":51200,"linkDow...
2021-02-27 15:48:25:335 [ADB] Running 'C:\Users\Test\AppData\Local\Android\Sdk\platform-tools\adb.exe -P 5037 -s 14f1fd48 shell dumpsys window'
2021-02-27 15:48:25:514 [AndroidDriver] Screen already unlocked, doing nothing
2021-02-27 15:48:25:515 [UiAutomator2] Starting 'com.swaglabsmobileapp/com.swaglabsmobileapp.SplashActivity and waiting for 'com.swaglabsmobileapp/com.swaglabsmobileapp.SplashActivity'
2021-02-27 15:48:25:516 [ADB] Running 'C:\Users\Test\AppData\Local\Android\Sdk\platform-tools\adb.exe -P 5037 -s 14f1fd48 shell am start -W -n com.swaglabsmobileapp/com.swaglabsmobileapp.SplashActivity -S -a android.intent.action.MAIN -c android.intent.category.LAUNCHER -f 0x10200000'
2021-02-27 15:48:26:610 [WD Proxy] Proxying [GET /appium/device/pixel_ratio] to [GET http://localhost:10000/wd/hub/session/85ddd571-dc2f-46ee-85eb-c8da6ac17023/appium/device/pixel_ratio] with body: {}
2021-02-27 15:48:26:637 [WD Proxy] Got response with status 200: {"sessionId":"85ddd571-dc2f-46ee-85eb-c8da6ac17023","value":2.75}
2021-02-27 15:48:26:640 [WD Proxy] Matched '/appium/device/system_bars' to command name 'getSystemBars'
2021-02-27 15:48:26:640 [WD Proxy] Proxying [GET /appium/device/system_bars] to [GET http://localhost:10000/wd/hub/session/85ddd571-dc2f-46ee-85eb-c8da6ac17023/appium/device/system_bars] with body: {}
2021-02-27 15:48:26:657 [WD Proxy] Got response with status 200: {"sessionId":"85ddd571-dc2f-46ee-85eb-c8da6ac17023","value":{"statusBar":80}}
2021-02-27 15:48:26:659 [WD Proxy] Matched '/window/current/size' to command name 'getWindowSize'
2021-02-27 15:48:26:659 [WD Proxy] Proxying [GET /window/current/size] to [GET http://localhost:10000/wd/hub/session/85ddd571-dc2f-46ee-85eb-c8da6ac17023/window/current/size] with body: {}
2021-02-27 15:48:26:679 [WD Proxy] Got response with status 200: {"sessionId":"85ddd571-dc2f-46ee-85eb-c8da6ac17023","value":{"height":2130,"width":1080}}
2021-02-27 15:48:26:680 [Appium] New AndroidUiautomator2Driver session created successfully, session cc78150d-22ff-4888-b991-45d5d1fb1dd5 added to master session list
2021-02-27 15:48:26:680 [BaseDriver] Event 'newSessionStarted' logged at 1614440906680 (21:18:26 GMT+0530 (India Standard Time))
2021-02-27 15:48:26:681 [W3C (cc78150d)] Cached the protocol value 'W3C' for the new session cc78150d-22ff-4888-b991-45d5d1fb1dd5
2021-02-27 15:48:26:682 [W3C (cc78150d)] Responding to client with driver.createSession() result: {"capabilities":{"platform":"LINUX","webStorageEnabled":false,"takesScreenshot":true,"javascriptEnabled":true,"databaseEnabled":false,"networkConnectionEnabled":true,"locationContextEnabled":false,"warnings":{},"desired":{"platformName":"android","chromeDriverPort":11000,"app":"D:\\Eclipse_Workspace_For_Appium\\AppiumDemo\\.\\apkContainer\\Sample_app.apk","appActivity":"com.swaglabsmobileapp.SplashActivity","appPackage":"com.swaglabsmobileapp","automationName":"UiAutomator2","deviceName":"Redmi Note 8","systemPort":10000,"udid":"14f1fd48"},"platformName":"android","chromeDriverPort":11000,"app":"D:\\Eclipse_Workspace_For_Appium\\AppiumDemo\\.\\apkContainer\\Sample_app.apk","appActivity":"com.swaglabsmobileapp.SplashActivity","appPackage":"com.swaglabsmobileapp","automationName":"UiAutomator2","deviceName":"14f1fd48","systemPort":10000,"udid":"14f1fd48","deviceUDID":"14f1fd48","deviceApiLevel":28,"platformVersion":"9","deviceScreenSize":"1080x2340","deviceScreenDensity":440,"deviceModel":"Redmi Note 8","dev...
2021-02-27 15:48:26:683 [HTTP] <-- POST /wd/hub/session 200 12055 ms - 1208
2021-02-27 15:48:26:683 [HTTP] 
2021-02-27 15:48:26:969 [HTTP] --> GET /wd/hub/session/cc78150d-22ff-4888-b991-45d5d1fb1dd5/context
2021-02-27 15:48:26:970 [HTTP] {}
2021-02-27 15:48:26:977 [W3C (cc78150d)] Calling AppiumDriver.getCurrentContext() with args: ["cc78150d-22ff-4888-b991-45d5d1fb1dd5"]
2021-02-27 15:48:26:996 [W3C (cc78150d)] Responding to client with driver.getCurrentContext() result: "NATIVE_APP"
2021-02-27 15:48:26:997 [HTTP] <-- GET /wd/hub/session/cc78150d-22ff-4888-b991-45d5d1fb1dd5/context 200 27 ms - 22
2021-02-27 15:48:26:998 [HTTP] 
2021-02-27 15:48:27:013 [HTTP] --> POST /wd/hub/session/cc78150d-22ff-4888-b991-45d5d1fb1dd5/element
2021-02-27 15:48:27:014 [HTTP] {"using":"accessibility id","value":"test-Username"}
2021-02-27 15:48:27:019 [W3C (cc78150d)] Calling AppiumDriver.findElement() with args: ["accessibility id","test-Username","cc78150d-22ff-4888-b991-45d5d1fb1dd5"]
2021-02-27 15:48:27:026 [BaseDriver] Valid locator strategies for this request: xpath, id, class name, accessibility id, -android uiautomator
2021-02-27 15:48:27:029 [BaseDriver] Waiting up to 0 ms for condition
2021-02-27 15:48:27:032 [WD Proxy] Matched '/element' to command name 'findElement'
2021-02-27 15:48:27:033 [WD Proxy] Proxying [POST /element] to [POST http://localhost:10000/wd/hub/session/85ddd571-dc2f-46ee-85eb-c8da6ac17023/element] with body: {"strategy":"accessibility id","selector":"test-Username","context":"","multiple":false}
2021-02-27 15:48:28:409 [WD Proxy] Got response with status 200: {"sessionId":"85ddd571-dc2f-46ee-85eb-c8da6ac17023","value":{"ELEMENT":"79e140f4-8a35-4b15-8a3f-103e4a6aea60","element-6066-11e4-a52e-4f735466cecf":"79e140f4-8a35-4b15-8a3f-103e4a6aea60"}}
2021-02-27 15:48:28:411 [W3C (cc78150d)] Responding to client with driver.findElement() result: {"element-6066-11e4-a52e-4f735466cecf":"79e140f4-8a35-4b15-8a3f-103e4a6aea60","ELEMENT":"79e140f4-8a35-4b15-8a3f-103e4a6aea60"}
2021-02-27 15:48:28:415 [HTTP] <-- POST /wd/hub/session/cc78150d-22ff-4888-b991-45d5d1fb1dd5/element 200 1400 ms - 137
2021-02-27 15:48:28:416 [HTTP] 
2021-02-27 15:48:28:430 [HTTP] --> GET /wd/hub/session/cc78150d-22ff-4888-b991-45d5d1fb1dd5/element/79e140f4-8a35-4b15-8a3f-103e4a6aea60/displayed
2021-02-27 15:48:28:431 [HTTP] {}
2021-02-27 15:48:28:432 [W3C (cc78150d)] Calling AppiumDriver.elementDisplayed() with args: ["79e140f4-8a35-4b15-8a3f-103e4a6aea60","cc78150d-22ff-4888-b991-45d5d1fb1dd5"]
2021-02-27 15:48:28:434 [WD Proxy] Matched '/element/79e140f4-8a35-4b15-8a3f-103e4a6aea60/attribute/displayed' to command name 'getAttribute'
2021-02-27 15:48:28:435 [WD Proxy] Proxying [GET /element/79e140f4-8a35-4b15-8a3f-103e4a6aea60/attribute/displayed] to [GET http://localhost:10000/wd/hub/session/85ddd571-dc2f-46ee-85eb-c8da6ac17023/element/79e140f4-8a35-4b15-8a3f-103e4a6aea60/attribute/displayed] with body: {}
2021-02-27 15:48:28:461 [WD Proxy] Got response with status 200: {"sessionId":"85ddd571-dc2f-46ee-85eb-c8da6ac17023","value":"true"}
2021-02-27 15:48:28:462 [W3C (cc78150d)] Responding to client with driver.elementDisplayed() result: true
2021-02-27 15:48:28:463 [HTTP] <-- GET /wd/hub/session/cc78150d-22ff-4888-b991-45d5d1fb1dd5/element/79e140f4-8a35-4b15-8a3f-103e4a6aea60/displayed 200 33 ms - 14
2021-02-27 15:48:28:464 [HTTP] 
2021-02-27 15:48:28:465 [HTTP] --> GET /wd/hub/session/cc78150d-22ff-4888-b991-45d5d1fb1dd5/context
2021-02-27 15:48:28:466 [HTTP] {}
2021-02-27 15:48:28:466 [W3C (cc78150d)] Calling AppiumDriver.getCurrentContext() with args: ["cc78150d-22ff-4888-b991-45d5d1fb1dd5"]
2021-02-27 15:48:28:467 [W3C (cc78150d)] Responding to client with driver.getCurrentContext() result: "NATIVE_APP"
2021-02-27 15:48:28:468 [HTTP] <-- GET /wd/hub/session/cc78150d-22ff-4888-b991-45d5d1fb1dd5/context 200 2 ms - 22
2021-02-27 15:48:28:468 [HTTP] 
2021-02-27 15:48:28:478 [HTTP] --> POST /wd/hub/session/cc78150d-22ff-4888-b991-45d5d1fb1dd5/element
2021-02-27 15:48:28:478 [HTTP] {"using":"accessibility id","value":"test-Username"}
2021-02-27 15:48:28:484 [W3C (cc78150d)] Calling AppiumDriver.findElement() with args: ["accessibility id","test-Username","cc78150d-22ff-4888-b991-45d5d1fb1dd5"]
2021-02-27 15:48:28:485 [BaseDriver] Valid locator strategies for this request: xpath, id, class name, accessibility id, -android uiautomator
2021-02-27 15:48:28:486 [BaseDriver] Waiting up to 0 ms for condition
2021-02-27 15:48:28:486 [WD Proxy] Matched '/element' to command name 'findElement'
2021-02-27 15:48:28:486 [WD Proxy] Proxying [POST /element] to [POST http://localhost:10000/wd/hub/session/85ddd571-dc2f-46ee-85eb-c8da6ac17023/element] with body: {"strategy":"accessibility id","selector":"test-Username","context":"","multiple":false}
2021-02-27 15:48:28:526 [WD Proxy] Got response with status 200: {"sessionId":"85ddd571-dc2f-46ee-85eb-c8da6ac17023","value":{"ELEMENT":"98e7a28b-1f4e-429b-9737-932717e3f143","element-6066-11e4-a52e-4f735466cecf":"98e7a28b-1f4e-429b-9737-932717e3f143"}}
2021-02-27 15:48:28:527 [W3C (cc78150d)] Responding to client with driver.findElement() result: {"element-6066-11e4-a52e-4f735466cecf":"98e7a28b-1f4e-429b-9737-932717e3f143","ELEMENT":"98e7a28b-1f4e-429b-9737-932717e3f143"}
2021-02-27 15:48:28:528 [HTTP] <-- POST /wd/hub/session/cc78150d-22ff-4888-b991-45d5d1fb1dd5/element 200 50 ms - 137
2021-02-27 15:48:28:528 [HTTP] 
2021-02-27 15:48:28:545 [HTTP] --> POST /wd/hub/session/cc78150d-22ff-4888-b991-45d5d1fb1dd5/element/98e7a28b-1f4e-429b-9737-932717e3f143/value
2021-02-27 15:48:28:545 [HTTP] {"id":"98e7a28b-1f4e-429b-9737-932717e3f143","text":"standard_user","value":["s","t","a","n","d","a","r","d","_","u","s","e","r"]}
2021-02-27 15:48:28:546 [W3C (cc78150d)] Calling AppiumDriver.setValue() with args: [["s","t","a","n","d","a","r","d","_","u","s","e","r"],"98e7a28b-1f4e-429b-9737-932717e3f143","cc78150d-22ff-4888-b991-45d5d1fb1dd5"]
2021-02-27 15:48:28:547 [WD Proxy] Matched '/element/98e7a28b-1f4e-429b-9737-932717e3f143/value' to command name 'setValue'
2021-02-27 15:48:28:547 [Protocol Converter] Added 'value' property ["s","t","a","n","d","a","r","d","_","u","s","e","r"] to 'setValue' request body
2021-02-27 15:48:28:548 [WD Proxy] Proxying [POST /element/98e7a28b-1f4e-429b-9737-932717e3f143/value] to [POST http://localhost:10000/wd/hub/session/85ddd571-dc2f-46ee-85eb-c8da6ac17023/element/98e7a28b-1f4e-429b-9737-932717e3f143/value] with body: {"elementId":"98e7a28b-1f4e-429b-9737-932717e3f143","text":"standard_user","replace":false,"value":["s","t","a","n","d","a","r","d","_","u","s","e","r"]}
2021-02-27 15:48:29:709 [WD Proxy] Got response with status 200: {"sessionId":"85ddd571-dc2f-46ee-85eb-c8da6ac17023","value":null}
2021-02-27 15:48:29:712 [W3C (cc78150d)] Responding to client with driver.setValue() result: null
2021-02-27 15:48:29:715 [HTTP] <-- POST /wd/hub/session/cc78150d-22ff-4888-b991-45d5d1fb1dd5/element/98e7a28b-1f4e-429b-9737-932717e3f143/value 200 1168 ms - 14
2021-02-27 15:48:29:716 [HTTP] 
2021-02-27 15:48:29:736 [HTTP] --> POST /wd/hub/session/cc78150d-22ff-4888-b991-45d5d1fb1dd5/appium/device/hide_keyboard
2021-02-27 15:48:29:737 [HTTP] {}
2021-02-27 15:48:29:743 [W3C (cc78150d)] Calling AppiumDriver.hideKeyboard() with args: [null,null,null,null,"cc78150d-22ff-4888-b991-45d5d1fb1dd5"]
2021-02-27 15:48:29:746 [ADB] Running 'C:\Users\Test\AppData\Local\Android\Sdk\platform-tools\adb.exe -P 5037 -s 14f1fd48 shell dumpsys input_method'
2021-02-27 15:48:29:854 [AndroidDriver] Keyboard has no UI; no closing necessary
2021-02-27 15:48:29:854 [W3C (cc78150d)] Responding to client with driver.hideKeyboard() result: null
2021-02-27 15:48:29:856 [HTTP] <-- POST /wd/hub/session/cc78150d-22ff-4888-b991-45d5d1fb1dd5/appium/device/hide_keyboard 200 119 ms - 14
2021-02-27 15:48:29:856 [HTTP] 
2021-02-27 15:48:29:866 [HTTP] --> GET /wd/hub/session/cc78150d-22ff-4888-b991-45d5d1fb1dd5/context
2021-02-27 15:48:29:866 [HTTP] {}
2021-02-27 15:48:29:867 [W3C (cc78150d)] Calling AppiumDriver.getCurrentContext() with args: ["cc78150d-22ff-4888-b991-45d5d1fb1dd5"]
2021-02-27 15:48:29:871 [W3C (cc78150d)] Responding to client with driver.getCurrentContext() result: "NATIVE_APP"
2021-02-27 15:48:29:873 [HTTP] <-- GET /wd/hub/session/cc78150d-22ff-4888-b991-45d5d1fb1dd5/context 200 6 ms - 22
2021-02-27 15:48:29:880 [HTTP] 
2021-02-27 15:48:29:886 [HTTP] --> POST /wd/hub/session/cc78150d-22ff-4888-b991-45d5d1fb1dd5/element
2021-02-27 15:48:29:886 [HTTP] {"using":"accessibility id","value":"test-Password"}
2021-02-27 15:48:29:888 [W3C (cc78150d)] Calling AppiumDriver.findElement() with args: ["accessibility id","test-Password","cc78150d-22ff-4888-b991-45d5d1fb1dd5"]
2021-02-27 15:48:29:890 [BaseDriver] Valid locator strategies for this request: xpath, id, class name, accessibility id, -android uiautomator
2021-02-27 15:48:29:891 [BaseDriver] Waiting up to 0 ms for condition
2021-02-27 15:48:29:894 [WD Proxy] Matched '/element' to command name 'findElement'
2021-02-27 15:48:29:895 [WD Proxy] Proxying [POST /element] to [POST http://localhost:10000/wd/hub/session/85ddd571-dc2f-46ee-85eb-c8da6ac17023/element] with body: {"strategy":"accessibility id","selector":"test-Password","context":"","multiple":false}
2021-02-27 15:48:30:682 [WD Proxy] Got response with status 200: {"sessionId":"85ddd571-dc2f-46ee-85eb-c8da6ac17023","value":{"ELEMENT":"48f989dd-5eb3-46dc-8274-291df23baf64","element-6066-11e4-a52e-4f735466cecf":"48f989dd-5eb3-46dc-8274-291df23baf64"}}
2021-02-27 15:48:30:683 [W3C (cc78150d)] Responding to client with driver.findElement() result: {"element-6066-11e4-a52e-4f735466cecf":"48f989dd-5eb3-46dc-8274-291df23baf64","ELEMENT":"48f989dd-5eb3-46dc-8274-291df23baf64"}
2021-02-27 15:48:30:685 [HTTP] <-- POST /wd/hub/session/cc78150d-22ff-4888-b991-45d5d1fb1dd5/element 200 798 ms - 137
2021-02-27 15:48:30:686 [HTTP] 
2021-02-27 15:48:30:692 [HTTP] --> GET /wd/hub/session/cc78150d-22ff-4888-b991-45d5d1fb1dd5/element/48f989dd-5eb3-46dc-8274-291df23baf64/displayed
2021-02-27 15:48:30:693 [HTTP] {}
2021-02-27 15:48:30:694 [W3C (cc78150d)] Calling AppiumDriver.elementDisplayed() with args: ["48f989dd-5eb3-46dc-8274-291df23baf64","cc78150d-22ff-4888-b991-45d5d1fb1dd5"]
2021-02-27 15:48:30:708 [WD Proxy] Matched '/element/48f989dd-5eb3-46dc-8274-291df23baf64/attribute/displayed' to command name 'getAttribute'
2021-02-27 15:48:30:709 [WD Proxy] Proxying [GET /element/48f989dd-5eb3-46dc-8274-291df23baf64/attribute/displayed] to [GET http://localhost:10000/wd/hub/session/85ddd571-dc2f-46ee-85eb-c8da6ac17023/element/48f989dd-5eb3-46dc-8274-291df23baf64/attribute/displayed] with body: {}
2021-02-27 15:48:30:769 [WD Proxy] Got response with status 200: {"sessionId":"85ddd571-dc2f-46ee-85eb-c8da6ac17023","value":"true"}
2021-02-27 15:48:30:769 [W3C (cc78150d)] Responding to client with driver.elementDisplayed() result: true
2021-02-27 15:48:30:770 [HTTP] <-- GET /wd/hub/session/cc78150d-22ff-4888-b991-45d5d1fb1dd5/element/48f989dd-5eb3-46dc-8274-291df23baf64/displayed 200 78 ms - 14
2021-02-27 15:48:30:770 [HTTP] 
2021-02-27 15:48:30:773 [HTTP] --> GET /wd/hub/session/cc78150d-22ff-4888-b991-45d5d1fb1dd5/context
2021-02-27 15:48:30:773 [HTTP] {}
2021-02-27 15:48:30:773 [W3C (cc78150d)] Calling AppiumDriver.getCurrentContext() with args: ["cc78150d-22ff-4888-b991-45d5d1fb1dd5"]
2021-02-27 15:48:30:774 [W3C (cc78150d)] Responding to client with driver.getCurrentContext() result: "NATIVE_APP"
2021-02-27 15:48:30:775 [HTTP] <-- GET /wd/hub/session/cc78150d-22ff-4888-b991-45d5d1fb1dd5/context 200 2 ms - 22
2021-02-27 15:48:30:775 [HTTP] 
2021-02-27 15:48:30:785 [HTTP] --> POST /wd/hub/session/cc78150d-22ff-4888-b991-45d5d1fb1dd5/element
2021-02-27 15:48:30:786 [HTTP] {"using":"accessibility id","value":"test-Password"}
2021-02-27 15:48:30:786 [W3C (cc78150d)] Calling AppiumDriver.findElement() with args: ["accessibility id","test-Password","cc78150d-22ff-4888-b991-45d5d1fb1dd5"]
2021-02-27 15:48:30:787 [BaseDriver] Valid locator strategies for this request: xpath, id, class name, accessibility id, -android uiautomator
2021-02-27 15:48:30:787 [BaseDriver] Waiting up to 0 ms for condition
2021-02-27 15:48:30:788 [WD Proxy] Matched '/element' to command name 'findElement'
2021-02-27 15:48:30:788 [WD Proxy] Proxying [POST /element] to [POST http://localhost:10000/wd/hub/session/85ddd571-dc2f-46ee-85eb-c8da6ac17023/element] with body: {"strategy":"accessibility id","selector":"test-Password","context":"","multiple":false}
2021-02-27 15:48:30:874 [WD Proxy] Got response with status 200: {"sessionId":"85ddd571-dc2f-46ee-85eb-c8da6ac17023","value":{"ELEMENT":"0d4c4ca7-ed6e-4dfa-aa65-c8b6c51ed2e8","element-6066-11e4-a52e-4f735466cecf":"0d4c4ca7-ed6e-4dfa-aa65-c8b6c51ed2e8"}}
2021-02-27 15:48:30:875 [W3C (cc78150d)] Responding to client with driver.findElement() result: {"element-6066-11e4-a52e-4f735466cecf":"0d4c4ca7-ed6e-4dfa-aa65-c8b6c51ed2e8","ELEMENT":"0d4c4ca7-ed6e-4dfa-aa65-c8b6c51ed2e8"}
2021-02-27 15:48:30:878 [HTTP] <-- POST /wd/hub/session/cc78150d-22ff-4888-b991-45d5d1fb1dd5/element 200 91 ms - 137
2021-02-27 15:48:30:878 [HTTP] 
2021-02-27 15:48:30:884 [HTTP] --> POST /wd/hub/session/cc78150d-22ff-4888-b991-45d5d1fb1dd5/element/0d4c4ca7-ed6e-4dfa-aa65-c8b6c51ed2e8/value
2021-02-27 15:48:30:884 [HTTP] {"id":"0d4c4ca7-ed6e-4dfa-aa65-c8b6c51ed2e8","text":"secret_sauce","value":["s","e","c","r","e","t","_","s","a","u","c","e"]}
2021-02-27 15:48:30:884 [W3C (cc78150d)] Calling AppiumDriver.setValue() with args: [["s","e","c","r","e","t","_","s","a","u","c","e"],"0d4c4ca7-ed6e-4dfa-aa65-c8b6c51ed2e8","cc78150d-22ff-4888-b991-45d5d1fb1dd5"]
2021-02-27 15:48:30:885 [WD Proxy] Matched '/element/0d4c4ca7-ed6e-4dfa-aa65-c8b6c51ed2e8/value' to command name 'setValue'
2021-02-27 15:48:30:885 [Protocol Converter] Added 'value' property ["s","e","c","r","e","t","_","s","a","u","c","e"] to 'setValue' request body
2021-02-27 15:48:30:885 [WD Proxy] Proxying [POST /element/0d4c4ca7-ed6e-4dfa-aa65-c8b6c51ed2e8/value] to [POST http://localhost:10000/wd/hub/session/85ddd571-dc2f-46ee-85eb-c8da6ac17023/element/0d4c4ca7-ed6e-4dfa-aa65-c8b6c51ed2e8/value] with body: {"elementId":"0d4c4ca7-ed6e-4dfa-aa65-c8b6c51ed2e8","text":"secret_sauce","replace":false,"value":["s","e","c","r","e","t","_","s","a","u","c","e"]}
2021-02-27 15:48:31:456 [WD Proxy] Got response with status 200: {"sessionId":"85ddd571-dc2f-46ee-85eb-c8da6ac17023","value":null}
2021-02-27 15:48:31:457 [W3C (cc78150d)] Responding to client with driver.setValue() result: null
2021-02-27 15:48:31:459 [HTTP] <-- POST /wd/hub/session/cc78150d-22ff-4888-b991-45d5d1fb1dd5/element/0d4c4ca7-ed6e-4dfa-aa65-c8b6c51ed2e8/value 200 575 ms - 14
2021-02-27 15:48:31:460 [HTTP] 
2021-02-27 15:48:31:469 [HTTP] --> POST /wd/hub/session/cc78150d-22ff-4888-b991-45d5d1fb1dd5/appium/device/hide_keyboard
2021-02-27 15:48:31:470 [HTTP] {}
2021-02-27 15:48:31:471 [W3C (cc78150d)] Calling AppiumDriver.hideKeyboard() with args: [null,null,null,null,"cc78150d-22ff-4888-b991-45d5d1fb1dd5"]
2021-02-27 15:48:31:472 [ADB] Running 'C:\Users\Test\AppData\Local\Android\Sdk\platform-tools\adb.exe -P 5037 -s 14f1fd48 shell dumpsys input_method'
2021-02-27 15:48:31:554 [AndroidDriver] Keyboard has no UI; no closing necessary
2021-02-27 15:48:31:555 [W3C (cc78150d)] Responding to client with driver.hideKeyboard() result: null
2021-02-27 15:48:31:556 [HTTP] <-- POST /wd/hub/session/cc78150d-22ff-4888-b991-45d5d1fb1dd5/appium/device/hide_keyboard 200 86 ms - 14
2021-02-27 15:48:31:556 [HTTP] 
2021-02-27 15:48:31:560 [HTTP] --> GET /wd/hub/session/cc78150d-22ff-4888-b991-45d5d1fb1dd5/context
2021-02-27 15:48:31:561 [HTTP] {}
2021-02-27 15:48:31:561 [W3C (cc78150d)] Calling AppiumDriver.getCurrentContext() with args: ["cc78150d-22ff-4888-b991-45d5d1fb1dd5"]
2021-02-27 15:48:31:562 [W3C (cc78150d)] Responding to client with driver.getCurrentContext() result: "NATIVE_APP"
2021-02-27 15:48:31:562 [HTTP] <-- GET /wd/hub/session/cc78150d-22ff-4888-b991-45d5d1fb1dd5/context 200 2 ms - 22
2021-02-27 15:48:31:563 [HTTP] 
2021-02-27 15:48:31:577 [HTTP] --> POST /wd/hub/session/cc78150d-22ff-4888-b991-45d5d1fb1dd5/element
2021-02-27 15:48:31:578 [HTTP] {"using":"accessibility id","value":"test-LOGIN"}
2021-02-27 15:48:31:578 [W3C (cc78150d)] Calling AppiumDriver.findElement() with args: ["accessibility id","test-LOGIN","cc78150d-22ff-4888-b991-45d5d1fb1dd5"]
2021-02-27 15:48:31:579 [BaseDriver] Valid locator strategies for this request: xpath, id, class name, accessibility id, -android uiautomator
2021-02-27 15:48:31:579 [BaseDriver] Waiting up to 0 ms for condition
2021-02-27 15:48:31:579 [WD Proxy] Matched '/element' to command name 'findElement'
2021-02-27 15:48:31:579 [WD Proxy] Proxying [POST /element] to [POST http://localhost:10000/wd/hub/session/85ddd571-dc2f-46ee-85eb-c8da6ac17023/element] with body: {"strategy":"accessibility id","selector":"test-LOGIN","context":"","multiple":false}
2021-02-27 15:48:32:588 [WD Proxy] Got response with status 200: {"sessionId":"85ddd571-dc2f-46ee-85eb-c8da6ac17023","value":{"ELEMENT":"64a309e9-8755-44a5-818e-c9982f4939ed","element-6066-11e4-a52e-4f735466cecf":"64a309e9-8755-44a5-818e-c9982f4939ed"}}
2021-02-27 15:48:32:589 [W3C (cc78150d)] Responding to client with driver.findElement() result: {"element-6066-11e4-a52e-4f735466cecf":"64a309e9-8755-44a5-818e-c9982f4939ed","ELEMENT":"64a309e9-8755-44a5-818e-c9982f4939ed"}
2021-02-27 15:48:32:591 [HTTP] <-- POST /wd/hub/session/cc78150d-22ff-4888-b991-45d5d1fb1dd5/element 200 1013 ms - 137
2021-02-27 15:48:32:591 [HTTP] 
2021-02-27 15:48:32:595 [HTTP] --> GET /wd/hub/session/cc78150d-22ff-4888-b991-45d5d1fb1dd5/element/64a309e9-8755-44a5-818e-c9982f4939ed/displayed
2021-02-27 15:48:32:595 [HTTP] {}
2021-02-27 15:48:32:596 [W3C (cc78150d)] Calling AppiumDriver.elementDisplayed() with args: ["64a309e9-8755-44a5-818e-c9982f4939ed","cc78150d-22ff-4888-b991-45d5d1fb1dd5"]
2021-02-27 15:48:32:598 [WD Proxy] Matched '/element/64a309e9-8755-44a5-818e-c9982f4939ed/attribute/displayed' to command name 'getAttribute'
2021-02-27 15:48:32:598 [WD Proxy] Proxying [GET /element/64a309e9-8755-44a5-818e-c9982f4939ed/attribute/displayed] to [GET http://localhost:10000/wd/hub/session/85ddd571-dc2f-46ee-85eb-c8da6ac17023/element/64a309e9-8755-44a5-818e-c9982f4939ed/attribute/displayed] with body: {}
2021-02-27 15:48:32:640 [WD Proxy] Got response with status 200: {"sessionId":"85ddd571-dc2f-46ee-85eb-c8da6ac17023","value":"true"}
2021-02-27 15:48:32:640 [W3C (cc78150d)] Responding to client with driver.elementDisplayed() result: true
2021-02-27 15:48:32:641 [HTTP] <-- GET /wd/hub/session/cc78150d-22ff-4888-b991-45d5d1fb1dd5/element/64a309e9-8755-44a5-818e-c9982f4939ed/displayed 200 46 ms - 14
2021-02-27 15:48:32:641 [HTTP] 
2021-02-27 15:48:32:643 [HTTP] --> GET /wd/hub/session/cc78150d-22ff-4888-b991-45d5d1fb1dd5/context
2021-02-27 15:48:32:643 [HTTP] {}
2021-02-27 15:48:32:644 [W3C (cc78150d)] Calling AppiumDriver.getCurrentContext() with args: ["cc78150d-22ff-4888-b991-45d5d1fb1dd5"]
2021-02-27 15:48:32:645 [W3C (cc78150d)] Responding to client with driver.getCurrentContext() result: "NATIVE_APP"
2021-02-27 15:48:32:646 [HTTP] <-- GET /wd/hub/session/cc78150d-22ff-4888-b991-45d5d1fb1dd5/context 200 2 ms - 22
2021-02-27 15:48:32:646 [HTTP] 
2021-02-27 15:48:32:657 [HTTP] --> POST /wd/hub/session/cc78150d-22ff-4888-b991-45d5d1fb1dd5/element
2021-02-27 15:48:32:657 [HTTP] {"using":"accessibility id","value":"test-LOGIN"}
2021-02-27 15:48:32:658 [W3C (cc78150d)] Calling AppiumDriver.findElement() with args: ["accessibility id","test-LOGIN","cc78150d-22ff-4888-b991-45d5d1fb1dd5"]
2021-02-27 15:48:32:659 [BaseDriver] Valid locator strategies for this request: xpath, id, class name, accessibility id, -android uiautomator
2021-02-27 15:48:32:659 [BaseDriver] Waiting up to 0 ms for condition
2021-02-27 15:48:32:660 [WD Proxy] Matched '/element' to command name 'findElement'
2021-02-27 15:48:32:660 [WD Proxy] Proxying [POST /element] to [POST http://localhost:10000/wd/hub/session/85ddd571-dc2f-46ee-85eb-c8da6ac17023/element] with body: {"strategy":"accessibility id","selector":"test-LOGIN","context":"","multiple":false}
2021-02-27 15:48:32:751 [WD Proxy] Got response with status 200: {"sessionId":"85ddd571-dc2f-46ee-85eb-c8da6ac17023","value":{"ELEMENT":"a76ee397-6bf2-4175-9aa1-41f30e4c7d37","element-6066-11e4-a52e-4f735466cecf":"a76ee397-6bf2-4175-9aa1-41f30e4c7d37"}}
2021-02-27 15:48:32:752 [W3C (cc78150d)] Responding to client with driver.findElement() result: {"element-6066-11e4-a52e-4f735466cecf":"a76ee397-6bf2-4175-9aa1-41f30e4c7d37","ELEMENT":"a76ee397-6bf2-4175-9aa1-41f30e4c7d37"}
2021-02-27 15:48:32:753 [HTTP] <-- POST /wd/hub/session/cc78150d-22ff-4888-b991-45d5d1fb1dd5/element 200 96 ms - 137
2021-02-27 15:48:32:754 [HTTP] 
2021-02-27 15:48:32:770 [HTTP] --> POST /wd/hub/session/cc78150d-22ff-4888-b991-45d5d1fb1dd5/element/a76ee397-6bf2-4175-9aa1-41f30e4c7d37/click
2021-02-27 15:48:32:771 [HTTP] {"id":"a76ee397-6bf2-4175-9aa1-41f30e4c7d37"}
2021-02-27 15:48:32:771 [W3C (cc78150d)] Calling AppiumDriver.click() with args: ["a76ee397-6bf2-4175-9aa1-41f30e4c7d37","cc78150d-22ff-4888-b991-45d5d1fb1dd5"]
2021-02-27 15:48:32:772 [WD Proxy] Matched '/element/a76ee397-6bf2-4175-9aa1-41f30e4c7d37/click' to command name 'click'
2021-02-27 15:48:32:772 [WD Proxy] Proxying [POST /element/a76ee397-6bf2-4175-9aa1-41f30e4c7d37/click] to [POST http://localhost:10000/wd/hub/session/85ddd571-dc2f-46ee-85eb-c8da6ac17023/element/a76ee397-6bf2-4175-9aa1-41f30e4c7d37/click] with body: {"element":"a76ee397-6bf2-4175-9aa1-41f30e4c7d37"}
2021-02-27 15:48:32:859 [WD Proxy] Got response with status 200: {"sessionId":"85ddd571-dc2f-46ee-85eb-c8da6ac17023","value":null}
2021-02-27 15:48:32:860 [W3C (cc78150d)] Responding to client with driver.click() result: null
2021-02-27 15:48:32:861 [HTTP] <-- POST /wd/hub/session/cc78150d-22ff-4888-b991-45d5d1fb1dd5/element/a76ee397-6bf2-4175-9aa1-41f30e4c7d37/click 200 90 ms - 14
2021-02-27 15:48:32:861 [HTTP] 
2021-02-27 15:48:32:867 [HTTP] --> GET /wd/hub/session/cc78150d-22ff-4888-b991-45d5d1fb1dd5/context
2021-02-27 15:48:32:867 [HTTP] {}
2021-02-27 15:48:32:867 [W3C (cc78150d)] Calling AppiumDriver.getCurrentContext() with args: ["cc78150d-22ff-4888-b991-45d5d1fb1dd5"]
2021-02-27 15:48:32:868 [W3C (cc78150d)] Responding to client with driver.getCurrentContext() result: "NATIVE_APP"
2021-02-27 15:48:32:870 [HTTP] <-- GET /wd/hub/session/cc78150d-22ff-4888-b991-45d5d1fb1dd5/context 200 2 ms - 22
2021-02-27 15:48:32:871 [HTTP] 
2021-02-27 15:48:32:885 [HTTP] --> POST /wd/hub/session/cc78150d-22ff-4888-b991-45d5d1fb1dd5/element
2021-02-27 15:48:32:885 [HTTP] {"using":"xpath","value":"//android.view.ViewGroup[@content-desc=\"test-Description\"]/android.widget.TextView[1]"}
2021-02-27 15:48:32:886 [W3C (cc78150d)] Calling AppiumDriver.findElement() with args: ["xpath","//android.view.ViewGroup[@content-desc=\"test-Description\"]/android.widget.TextView[1]","cc78150d-22ff-4888-b991-45d5d1fb1dd5"]
2021-02-27 15:48:32:887 [BaseDriver] Valid locator strategies for this request: xpath, id, class name, accessibility id, -android uiautomator
2021-02-27 15:48:32:887 [BaseDriver] Waiting up to 0 ms for condition
2021-02-27 15:48:32:888 [WD Proxy] Matched '/element' to command name 'findElement'
2021-02-27 15:48:32:888 [WD Proxy] Proxying [POST /element] to [POST http://localhost:10000/wd/hub/session/85ddd571-dc2f-46ee-85eb-c8da6ac17023/element] with body: {"strategy":"xpath","selector":"//android.view.ViewGroup[@content-desc=\"test-Description\"]/android.widget.TextView[1]","context":"","multiple":false}
2021-02-27 15:48:35:391 [WD Proxy] Got an unexpected response with status 404: {"sessionId":"85ddd571-dc2f-46ee-85eb-c8da6ac17023","value":{"error":"no such element","message":"An element could not be located on the page using the given search parameters","stacktrace":"io.appium.uiautomator2.common.exceptions.ElementNotFoundException: An element could not be located on the page using the given search parameters\n\tat io.appium.uiautomator2.handler.FindElement.findElement(FindElement.java:102)\n\tat io.appium.uiautomator2.handler.FindElement.safeHandle(FindElement.java:72)\n\tat io.appium.uiautomator2.handler.request.SafeRequestHandler.handle(SafeRequestHandler.java:38)\n\tat io.appium.uiautomator2.server.AppiumServlet.handleRequest(AppiumServlet.java:252)\n\tat io.appium.uiautomator2.server.AppiumServlet.handleHttpRequest(AppiumServlet.java:242)\n\tat io.appium.uiautomator2.http.ServerHandler.channelRead(ServerHandler.java:44)\n\tat io.netty.channel.AbstractChannelHandlerContext.invokeChannelRead(AbstractChannelHandlerContext.java:366)\n\tat io.netty.channel.AbstractChannelHandlerCon...
2021-02-27 15:48:35:394 [W3C] Matched W3C error code 'no such element' to NoSuchElementError
2021-02-27 15:48:35:402 [W3C (cc78150d)] Encountered internal error running command: NoSuchElementError: An element could not be located on the page using the given search parameters.
2021-02-27 15:48:35:403 [W3C (cc78150d)]     at AndroidUiautomator2Driver.findElOrEls (C:\Users\Test\AppData\Roaming\npm\node_modules\appium\node_modules\appium-android-driver\lib\commands\find.js:75:11)
2021-02-27 15:48:35:406 [HTTP] <-- POST /wd/hub/session/cc78150d-22ff-4888-b991-45d5d1fb1dd5/element 404 2519 ms - 418
2021-02-27 15:48:35:406 [HTTP] 
2021-02-27 15:48:35:932 [HTTP] --> GET /wd/hub/session/cc78150d-22ff-4888-b991-45d5d1fb1dd5/context
2021-02-27 15:48:35:933 [HTTP] {}
2021-02-27 15:48:35:934 [W3C (cc78150d)] Calling AppiumDriver.getCurrentContext() with args: ["cc78150d-22ff-4888-b991-45d5d1fb1dd5"]
2021-02-27 15:48:35:936 [W3C (cc78150d)] Responding to client with driver.getCurrentContext() result: "NATIVE_APP"
2021-02-27 15:48:35:938 [HTTP] <-- GET /wd/hub/session/cc78150d-22ff-4888-b991-45d5d1fb1dd5/context 200 6 ms - 22
2021-02-27 15:48:35:940 [HTTP] 
2021-02-27 15:48:35:956 [HTTP] --> POST /wd/hub/session/cc78150d-22ff-4888-b991-45d5d1fb1dd5/element
2021-02-27 15:48:35:956 [HTTP] {"using":"xpath","value":"//android.view.ViewGroup[@content-desc=\"test-Description\"]/android.widget.TextView[1]"}
2021-02-27 15:48:35:957 [W3C (cc78150d)] Calling AppiumDriver.findElement() with args: ["xpath","//android.view.ViewGroup[@content-desc=\"test-Description\"]/android.widget.TextView[1]","cc78150d-22ff-4888-b991-45d5d1fb1dd5"]
2021-02-27 15:48:35:958 [BaseDriver] Valid locator strategies for this request: xpath, id, class name, accessibility id, -android uiautomator
2021-02-27 15:48:35:958 [BaseDriver] Waiting up to 0 ms for condition
2021-02-27 15:48:35:959 [WD Proxy] Matched '/element' to command name 'findElement'
2021-02-27 15:48:35:959 [WD Proxy] Proxying [POST /element] to [POST http://localhost:10000/wd/hub/session/85ddd571-dc2f-46ee-85eb-c8da6ac17023/element] with body: {"strategy":"xpath","selector":"//android.view.ViewGroup[@content-desc=\"test-Description\"]/android.widget.TextView[1]","context":"","multiple":false}
2021-02-27 15:48:36:688 [WD Proxy] Got an unexpected response with status 404: {"sessionId":"85ddd571-dc2f-46ee-85eb-c8da6ac17023","value":{"error":"no such element","message":"An element could not be located on the page using the given search parameters","stacktrace":"io.appium.uiautomator2.common.exceptions.ElementNotFoundException: An element could not be located on the page using the given search parameters\n\tat io.appium.uiautomator2.handler.FindElement.findElement(FindElement.java:102)\n\tat io.appium.uiautomator2.handler.FindElement.safeHandle(FindElement.java:72)\n\tat io.appium.uiautomator2.handler.request.SafeRequestHandler.handle(SafeRequestHandler.java:38)\n\tat io.appium.uiautomator2.server.AppiumServlet.handleRequest(AppiumServlet.java:252)\n\tat io.appium.uiautomator2.server.AppiumServlet.handleHttpRequest(AppiumServlet.java:242)\n\tat io.appium.uiautomator2.http.ServerHandler.channelRead(ServerHandler.java:44)\n\tat io.netty.channel.AbstractChannelHandlerContext.invokeChannelRead(AbstractChannelHandlerContext.java:366)\n\tat io.netty.channel.AbstractChannelHandlerCon...
2021-02-27 15:48:36:690 [W3C] Matched W3C error code 'no such element' to NoSuchElementError
2021-02-27 15:48:36:693 [W3C (cc78150d)] Encountered internal error running command: NoSuchElementError: An element could not be located on the page using the given search parameters.
2021-02-27 15:48:36:694 [W3C (cc78150d)]     at AndroidUiautomator2Driver.findElOrEls (C:\Users\Test\AppData\Roaming\npm\node_modules\appium\node_modules\appium-android-driver\lib\commands\find.js:75:11)
2021-02-27 15:48:36:696 [HTTP] <-- POST /wd/hub/session/cc78150d-22ff-4888-b991-45d5d1fb1dd5/element 404 739 ms - 418
2021-02-27 15:48:36:697 [HTTP] 
2021-02-27 15:48:37:232 [HTTP] --> POST /wd/hub/session/cc78150d-22ff-4888-b991-45d5d1fb1dd5/element
2021-02-27 15:48:37:233 [HTTP] {"using":"xpath","value":"//android.view.ViewGroup[@content-desc=\"test-Description\"]/android.widget.TextView[1]"}
2021-02-27 15:48:37:235 [W3C (cc78150d)] Calling AppiumDriver.findElement() with args: ["xpath","//android.view.ViewGroup[@content-desc=\"test-Description\"]/android.widget.TextView[1]","cc78150d-22ff-4888-b991-45d5d1fb1dd5"]
2021-02-27 15:48:37:237 [BaseDriver] Valid locator strategies for this request: xpath, id, class name, accessibility id, -android uiautomator
2021-02-27 15:48:37:238 [BaseDriver] Waiting up to 0 ms for condition
2021-02-27 15:48:37:240 [WD Proxy] Matched '/element' to command name 'findElement'
2021-02-27 15:48:37:241 [WD Proxy] Proxying [POST /element] to [POST http://localhost:10000/wd/hub/session/85ddd571-dc2f-46ee-85eb-c8da6ac17023/element] with body: {"strategy":"xpath","selector":"//android.view.ViewGroup[@content-desc=\"test-Description\"]/android.widget.TextView[1]","context":"","multiple":false}
2021-02-27 15:48:38:116 [WD Proxy] Got an unexpected response with status 404: {"sessionId":"85ddd571-dc2f-46ee-85eb-c8da6ac17023","value":{"error":"no such element","message":"An element could not be located on the page using the given search parameters","stacktrace":"io.appium.uiautomator2.common.exceptions.ElementNotFoundException: An element could not be located on the page using the given search parameters\n\tat io.appium.uiautomator2.handler.FindElement.findElement(FindElement.java:102)\n\tat io.appium.uiautomator2.handler.FindElement.safeHandle(FindElement.java:72)\n\tat io.appium.uiautomator2.handler.request.SafeRequestHandler.handle(SafeRequestHandler.java:38)\n\tat io.appium.uiautomator2.server.AppiumServlet.handleRequest(AppiumServlet.java:252)\n\tat io.appium.uiautomator2.server.AppiumServlet.handleHttpRequest(AppiumServlet.java:242)\n\tat io.appium.uiautomator2.http.ServerHandler.channelRead(ServerHandler.java:44)\n\tat io.netty.channel.AbstractChannelHandlerContext.invokeChannelRead(AbstractChannelHandlerContext.java:366)\n\tat io.netty.channel.AbstractChannelHandlerCon...
2021-02-27 15:48:38:116 [W3C] Matched W3C error code 'no such element' to NoSuchElementError
2021-02-27 15:48:38:118 [W3C (cc78150d)] Encountered internal error running command: NoSuchElementError: An element could not be located on the page using the given search parameters.
2021-02-27 15:48:38:118 [W3C (cc78150d)]     at AndroidUiautomator2Driver.findElOrEls (C:\Users\Test\AppData\Roaming\npm\node_modules\appium\node_modules\appium-android-driver\lib\commands\find.js:75:11)
2021-02-27 15:48:38:120 [HTTP] <-- POST /wd/hub/session/cc78150d-22ff-4888-b991-45d5d1fb1dd5/element 404 887 ms - 418
2021-02-27 15:48:38:121 [HTTP] 
2021-02-27 15:48:38:636 [HTTP] --> GET /wd/hub/session/cc78150d-22ff-4888-b991-45d5d1fb1dd5/context
2021-02-27 15:48:38:636 [HTTP] {}
2021-02-27 15:48:38:637 [W3C (cc78150d)] Calling AppiumDriver.getCurrentContext() with args: ["cc78150d-22ff-4888-b991-45d5d1fb1dd5"]
2021-02-27 15:48:38:638 [W3C (cc78150d)] Responding to client with driver.getCurrentContext() result: "NATIVE_APP"
2021-02-27 15:48:38:640 [HTTP] <-- GET /wd/hub/session/cc78150d-22ff-4888-b991-45d5d1fb1dd5/context 200 4 ms - 22
2021-02-27 15:48:38:640 [HTTP] 
2021-02-27 15:48:38:651 [HTTP] --> POST /wd/hub/session/cc78150d-22ff-4888-b991-45d5d1fb1dd5/element
2021-02-27 15:48:38:652 [HTTP] {"using":"xpath","value":"//android.view.ViewGroup[@content-desc=\"test-Description\"]/android.widget.TextView[1]"}
2021-02-27 15:48:38:653 [W3C (cc78150d)] Calling AppiumDriver.findElement() with args: ["xpath","//android.view.ViewGroup[@content-desc=\"test-Description\"]/android.widget.TextView[1]","cc78150d-22ff-4888-b991-45d5d1fb1dd5"]
2021-02-27 15:48:38:656 [BaseDriver] Valid locator strategies for this request: xpath, id, class name, accessibility id, -android uiautomator
2021-02-27 15:48:38:656 [BaseDriver] Waiting up to 0 ms for condition
2021-02-27 15:48:38:660 [WD Proxy] Matched '/element' to command name 'findElement'
2021-02-27 15:48:38:661 [WD Proxy] Proxying [POST /element] to [POST http://localhost:10000/wd/hub/session/85ddd571-dc2f-46ee-85eb-c8da6ac17023/element] with body: {"strategy":"xpath","selector":"//android.view.ViewGroup[@content-desc=\"test-Description\"]/android.widget.TextView[1]","context":"","multiple":false}
2021-02-27 15:48:38:987 [WD Proxy] Got an unexpected response with status 404: {"sessionId":"85ddd571-dc2f-46ee-85eb-c8da6ac17023","value":{"error":"no such element","message":"An element could not be located on the page using the given search parameters","stacktrace":"io.appium.uiautomator2.common.exceptions.ElementNotFoundException: An element could not be located on the page using the given search parameters\n\tat io.appium.uiautomator2.handler.FindElement.findElement(FindElement.java:102)\n\tat io.appium.uiautomator2.handler.FindElement.safeHandle(FindElement.java:72)\n\tat io.appium.uiautomator2.handler.request.SafeRequestHandler.handle(SafeRequestHandler.java:38)\n\tat io.appium.uiautomator2.server.AppiumServlet.handleRequest(AppiumServlet.java:252)\n\tat io.appium.uiautomator2.server.AppiumServlet.handleHttpRequest(AppiumServlet.java:242)\n\tat io.appium.uiautomator2.http.ServerHandler.channelRead(ServerHandler.java:44)\n\tat io.netty.channel.AbstractChannelHandlerContext.invokeChannelRead(AbstractChannelHandlerContext.java:366)\n\tat io.netty.channel.AbstractChannelHandlerCon...
2021-02-27 15:48:38:988 [W3C] Matched W3C error code 'no such element' to NoSuchElementError
2021-02-27 15:48:38:989 [W3C (cc78150d)] Encountered internal error running command: NoSuchElementError: An element could not be located on the page using the given search parameters.
2021-02-27 15:48:38:990 [W3C (cc78150d)]     at AndroidUiautomator2Driver.findElOrEls (C:\Users\Test\AppData\Roaming\npm\node_modules\appium\node_modules\appium-android-driver\lib\commands\find.js:75:11)
2021-02-27 15:48:38:991 [HTTP] <-- POST /wd/hub/session/cc78150d-22ff-4888-b991-45d5d1fb1dd5/element 404 339 ms - 418
2021-02-27 15:48:38:991 [HTTP] 
2021-02-27 15:48:39:521 [HTTP] --> POST /wd/hub/session/cc78150d-22ff-4888-b991-45d5d1fb1dd5/element
2021-02-27 15:48:39:522 [HTTP] {"using":"xpath","value":"//android.view.ViewGroup[@content-desc=\"test-Description\"]/android.widget.TextView[1]"}
2021-02-27 15:48:39:524 [W3C (cc78150d)] Calling AppiumDriver.findElement() with args: ["xpath","//android.view.ViewGroup[@content-desc=\"test-Description\"]/android.widget.TextView[1]","cc78150d-22ff-4888-b991-45d5d1fb1dd5"]
2021-02-27 15:48:39:525 [BaseDriver] Valid locator strategies for this request: xpath, id, class name, accessibility id, -android uiautomator
2021-02-27 15:48:39:526 [BaseDriver] Waiting up to 0 ms for condition
2021-02-27 15:48:39:528 [WD Proxy] Matched '/element' to command name 'findElement'
2021-02-27 15:48:39:529 [WD Proxy] Proxying [POST /element] to [POST http://localhost:10000/wd/hub/session/85ddd571-dc2f-46ee-85eb-c8da6ac17023/element] with body: {"strategy":"xpath","selector":"//android.view.ViewGroup[@content-desc=\"test-Description\"]/android.widget.TextView[1]","context":"","multiple":false}
2021-02-27 15:48:39:884 [WD Proxy] Got an unexpected response with status 404: {"sessionId":"85ddd571-dc2f-46ee-85eb-c8da6ac17023","value":{"error":"no such element","message":"An element could not be located on the page using the given search parameters","stacktrace":"io.appium.uiautomator2.common.exceptions.ElementNotFoundException: An element could not be located on the page using the given search parameters\n\tat io.appium.uiautomator2.handler.FindElement.findElement(FindElement.java:102)\n\tat io.appium.uiautomator2.handler.FindElement.safeHandle(FindElement.java:72)\n\tat io.appium.uiautomator2.handler.request.SafeRequestHandler.handle(SafeRequestHandler.java:38)\n\tat io.appium.uiautomator2.server.AppiumServlet.handleRequest(AppiumServlet.java:252)\n\tat io.appium.uiautomator2.server.AppiumServlet.handleHttpRequest(AppiumServlet.java:242)\n\tat io.appium.uiautomator2.http.ServerHandler.channelRead(ServerHandler.java:44)\n\tat io.netty.channel.AbstractChannelHandlerContext.invokeChannelRead(AbstractChannelHandlerContext.java:366)\n\tat io.netty.channel.AbstractChannelHandlerCon...
2021-02-27 15:48:39:884 [W3C] Matched W3C error code 'no such element' to NoSuchElementError
2021-02-27 15:48:39:887 [W3C (cc78150d)] Encountered internal error running command: NoSuchElementError: An element could not be located on the page using the given search parameters.
2021-02-27 15:48:39:888 [W3C (cc78150d)]     at AndroidUiautomator2Driver.findElOrEls (C:\Users\Test\AppData\Roaming\npm\node_modules\appium\node_modules\appium-android-driver\lib\commands\find.js:75:11)
2021-02-27 15:48:39:890 [HTTP] <-- POST /wd/hub/session/cc78150d-22ff-4888-b991-45d5d1fb1dd5/element 404 368 ms - 418
2021-02-27 15:48:39:891 [HTTP] 
2021-02-27 15:48:40:403 [HTTP] --> GET /wd/hub/session/cc78150d-22ff-4888-b991-45d5d1fb1dd5/context
2021-02-27 15:48:40:404 [HTTP] {}
2021-02-27 15:48:40:405 [W3C (cc78150d)] Calling AppiumDriver.getCurrentContext() with args: ["cc78150d-22ff-4888-b991-45d5d1fb1dd5"]
2021-02-27 15:48:40:408 [W3C (cc78150d)] Responding to client with driver.getCurrentContext() result: "NATIVE_APP"
2021-02-27 15:48:40:410 [HTTP] <-- GET /wd/hub/session/cc78150d-22ff-4888-b991-45d5d1fb1dd5/context 200 6 ms - 22
2021-02-27 15:48:40:411 [HTTP] 
2021-02-27 15:48:40:429 [HTTP] --> POST /wd/hub/session/cc78150d-22ff-4888-b991-45d5d1fb1dd5/element
2021-02-27 15:48:40:430 [HTTP] {"using":"xpath","value":"//android.view.ViewGroup[@content-desc=\"test-Description\"]/android.widget.TextView[1]"}
2021-02-27 15:48:40:431 [W3C (cc78150d)] Calling AppiumDriver.findElement() with args: ["xpath","//android.view.ViewGroup[@content-desc=\"test-Description\"]/android.widget.TextView[1]","cc78150d-22ff-4888-b991-45d5d1fb1dd5"]
2021-02-27 15:48:40:434 [BaseDriver] Valid locator strategies for this request: xpath, id, class name, accessibility id, -android uiautomator
2021-02-27 15:48:40:435 [BaseDriver] Waiting up to 0 ms for condition
2021-02-27 15:48:40:437 [WD Proxy] Matched '/element' to command name 'findElement'
2021-02-27 15:48:40:438 [WD Proxy] Proxying [POST /element] to [POST http://localhost:10000/wd/hub/session/85ddd571-dc2f-46ee-85eb-c8da6ac17023/element] with body: {"strategy":"xpath","selector":"//android.view.ViewGroup[@content-desc=\"test-Description\"]/android.widget.TextView[1]","context":"","multiple":false}
2021-02-27 15:48:40:748 [WD Proxy] Got an unexpected response with status 404: {"sessionId":"85ddd571-dc2f-46ee-85eb-c8da6ac17023","value":{"error":"no such element","message":"An element could not be located on the page using the given search parameters","stacktrace":"io.appium.uiautomator2.common.exceptions.ElementNotFoundException: An element could not be located on the page using the given search parameters\n\tat io.appium.uiautomator2.handler.FindElement.findElement(FindElement.java:102)\n\tat io.appium.uiautomator2.handler.FindElement.safeHandle(FindElement.java:72)\n\tat io.appium.uiautomator2.handler.request.SafeRequestHandler.handle(SafeRequestHandler.java:38)\n\tat io.appium.uiautomator2.server.AppiumServlet.handleRequest(AppiumServlet.java:252)\n\tat io.appium.uiautomator2.server.AppiumServlet.handleHttpRequest(AppiumServlet.java:242)\n\tat io.appium.uiautomator2.http.ServerHandler.channelRead(ServerHandler.java:44)\n\tat io.netty.channel.AbstractChannelHandlerContext.invokeChannelRead(AbstractChannelHandlerContext.java:366)\n\tat io.netty.channel.AbstractChannelHandlerCon...
2021-02-27 15:48:40:748 [W3C] Matched W3C error code 'no such element' to NoSuchElementError
2021-02-27 15:48:40:750 [W3C (cc78150d)] Encountered internal error running command: NoSuchElementError: An element could not be located on the page using the given search parameters.
2021-02-27 15:48:40:750 [W3C (cc78150d)]     at AndroidUiautomator2Driver.findElOrEls (C:\Users\Test\AppData\Roaming\npm\node_modules\appium\node_modules\appium-android-driver\lib\commands\find.js:75:11)
2021-02-27 15:48:40:751 [HTTP] <-- POST /wd/hub/session/cc78150d-22ff-4888-b991-45d5d1fb1dd5/element 404 322 ms - 418
2021-02-27 15:48:40:752 [HTTP] 
2021-02-27 15:48:41:271 [HTTP] --> POST /wd/hub/session/cc78150d-22ff-4888-b991-45d5d1fb1dd5/element
2021-02-27 15:48:41:271 [HTTP] {"using":"xpath","value":"//android.view.ViewGroup[@content-desc=\"test-Description\"]/android.widget.TextView[1]"}
2021-02-27 15:48:41:273 [W3C (cc78150d)] Calling AppiumDriver.findElement() with args: ["xpath","//android.view.ViewGroup[@content-desc=\"test-Description\"]/android.widget.TextView[1]","cc78150d-22ff-4888-b991-45d5d1fb1dd5"]
2021-02-27 15:48:41:274 [BaseDriver] Valid locator strategies for this request: xpath, id, class name, accessibility id, -android uiautomator
2021-02-27 15:48:41:274 [BaseDriver] Waiting up to 0 ms for condition
2021-02-27 15:48:41:275 [WD Proxy] Matched '/element' to command name 'findElement'
2021-02-27 15:48:41:276 [WD Proxy] Proxying [POST /element] to [POST http://localhost:10000/wd/hub/session/85ddd571-dc2f-46ee-85eb-c8da6ac17023/element] with body: {"strategy":"xpath","selector":"//android.view.ViewGroup[@content-desc=\"test-Description\"]/android.widget.TextView[1]","context":"","multiple":false}
2021-02-27 15:48:42:061 [WD Proxy] Got an unexpected response with status 404: {"sessionId":"85ddd571-dc2f-46ee-85eb-c8da6ac17023","value":{"error":"no such element","message":"An element could not be located on the page using the given search parameters","stacktrace":"io.appium.uiautomator2.common.exceptions.ElementNotFoundException: An element could not be located on the page using the given search parameters\n\tat io.appium.uiautomator2.handler.FindElement.findElement(FindElement.java:102)\n\tat io.appium.uiautomator2.handler.FindElement.safeHandle(FindElement.java:72)\n\tat io.appium.uiautomator2.handler.request.SafeRequestHandler.handle(SafeRequestHandler.java:38)\n\tat io.appium.uiautomator2.server.AppiumServlet.handleRequest(AppiumServlet.java:252)\n\tat io.appium.uiautomator2.server.AppiumServlet.handleHttpRequest(AppiumServlet.java:242)\n\tat io.appium.uiautomator2.http.ServerHandler.channelRead(ServerHandler.java:44)\n\tat io.netty.channel.AbstractChannelHandlerContext.invokeChannelRead(AbstractChannelHandlerContext.java:366)\n\tat io.netty.channel.AbstractChannelHandlerCon...
2021-02-27 15:48:42:062 [W3C] Matched W3C error code 'no such element' to NoSuchElementError
2021-02-27 15:48:42:064 [W3C (cc78150d)] Encountered internal error running command: NoSuchElementError: An element could not be located on the page using the given search parameters.
2021-02-27 15:48:42:064 [W3C (cc78150d)]     at AndroidUiautomator2Driver.findElOrEls (C:\Users\Test\AppData\Roaming\npm\node_modules\appium\node_modules\appium-android-driver\lib\commands\find.js:75:11)
2021-02-27 15:48:42:066 [HTTP] <-- POST /wd/hub/session/cc78150d-22ff-4888-b991-45d5d1fb1dd5/element 404 794 ms - 418
2021-02-27 15:48:42:067 [HTTP] 
2021-02-27 15:48:42:588 [HTTP] --> GET /wd/hub/session/cc78150d-22ff-4888-b991-45d5d1fb1dd5/context
2021-02-27 15:48:42:589 [HTTP] {}
2021-02-27 15:48:42:590 [W3C (cc78150d)] Calling AppiumDriver.getCurrentContext() with args: ["cc78150d-22ff-4888-b991-45d5d1fb1dd5"]
2021-02-27 15:48:42:592 [W3C (cc78150d)] Responding to client with driver.getCurrentContext() result: "NATIVE_APP"
2021-02-27 15:48:42:593 [HTTP] <-- GET /wd/hub/session/cc78150d-22ff-4888-b991-45d5d1fb1dd5/context 200 4 ms - 22
2021-02-27 15:48:42:593 [HTTP] 
2021-02-27 15:48:42:600 [HTTP] --> POST /wd/hub/session/cc78150d-22ff-4888-b991-45d5d1fb1dd5/element
2021-02-27 15:48:42:600 [HTTP] {"using":"xpath","value":"//android.view.ViewGroup[@content-desc=\"test-Description\"]/android.widget.TextView[1]"}
2021-02-27 15:48:42:601 [W3C (cc78150d)] Calling AppiumDriver.findElement() with args: ["xpath","//android.view.ViewGroup[@content-desc=\"test-Description\"]/android.widget.TextView[1]","cc78150d-22ff-4888-b991-45d5d1fb1dd5"]
2021-02-27 15:48:42:602 [BaseDriver] Valid locator strategies for this request: xpath, id, class name, accessibility id, -android uiautomator
2021-02-27 15:48:42:603 [BaseDriver] Waiting up to 0 ms for condition
2021-02-27 15:48:42:603 [WD Proxy] Matched '/element' to command name 'findElement'
2021-02-27 15:48:42:604 [WD Proxy] Proxying [POST /element] to [POST http://localhost:10000/wd/hub/session/85ddd571-dc2f-46ee-85eb-c8da6ac17023/element] with body: {"strategy":"xpath","selector":"//android.view.ViewGroup[@content-desc=\"test-Description\"]/android.widget.TextView[1]","context":"","multiple":false}
2021-02-27 15:48:42:949 [WD Proxy] Got an unexpected response with status 404: {"sessionId":"85ddd571-dc2f-46ee-85eb-c8da6ac17023","value":{"error":"no such element","message":"An element could not be located on the page using the given search parameters","stacktrace":"io.appium.uiautomator2.common.exceptions.ElementNotFoundException: An element could not be located on the page using the given search parameters\n\tat io.appium.uiautomator2.handler.FindElement.findElement(FindElement.java:102)\n\tat io.appium.uiautomator2.handler.FindElement.safeHandle(FindElement.java:72)\n\tat io.appium.uiautomator2.handler.request.SafeRequestHandler.handle(SafeRequestHandler.java:38)\n\tat io.appium.uiautomator2.server.AppiumServlet.handleRequest(AppiumServlet.java:252)\n\tat io.appium.uiautomator2.server.AppiumServlet.handleHttpRequest(AppiumServlet.java:242)\n\tat io.appium.uiautomator2.http.ServerHandler.channelRead(ServerHandler.java:44)\n\tat io.netty.channel.AbstractChannelHandlerContext.invokeChannelRead(AbstractChannelHandlerContext.java:366)\n\tat io.netty.channel.AbstractChannelHandlerCon...
2021-02-27 15:48:42:950 [W3C] Matched W3C error code 'no such element' to NoSuchElementError
2021-02-27 15:48:42:952 [W3C (cc78150d)] Encountered internal error running command: NoSuchElementError: An element could not be located on the page using the given search parameters.
2021-02-27 15:48:42:952 [W3C (cc78150d)]     at AndroidUiautomator2Driver.findElOrEls (C:\Users\Test\AppData\Roaming\npm\node_modules\appium\node_modules\appium-android-driver\lib\commands\find.js:75:11)
2021-02-27 15:48:42:955 [HTTP] <-- POST /wd/hub/session/cc78150d-22ff-4888-b991-45d5d1fb1dd5/element 404 354 ms - 418
2021-02-27 15:48:42:955 [HTTP] 
2021-02-27 15:48:43:486 [HTTP] --> POST /wd/hub/session/cc78150d-22ff-4888-b991-45d5d1fb1dd5/element
2021-02-27 15:48:43:489 [HTTP] {"using":"xpath","value":"//android.view.ViewGroup[@content-desc=\"test-Description\"]/android.widget.TextView[1]"}
2021-02-27 15:48:43:490 [W3C (cc78150d)] Calling AppiumDriver.findElement() with args: ["xpath","//android.view.ViewGroup[@content-desc=\"test-Description\"]/android.widget.TextView[1]","cc78150d-22ff-4888-b991-45d5d1fb1dd5"]
2021-02-27 15:48:43:492 [BaseDriver] Valid locator strategies for this request: xpath, id, class name, accessibility id, -android uiautomator
2021-02-27 15:48:43:492 [BaseDriver] Waiting up to 0 ms for condition
2021-02-27 15:48:43:494 [WD Proxy] Matched '/element' to command name 'findElement'
2021-02-27 15:48:43:495 [WD Proxy] Proxying [POST /element] to [POST http://localhost:10000/wd/hub/session/85ddd571-dc2f-46ee-85eb-c8da6ac17023/element] with body: {"strategy":"xpath","selector":"//android.view.ViewGroup[@content-desc=\"test-Description\"]/android.widget.TextView[1]","context":"","multiple":false}
2021-02-27 15:48:48:805 [WD Proxy] Got an unexpected response with status 404: {"sessionId":"85ddd571-dc2f-46ee-85eb-c8da6ac17023","value":{"error":"no such element","message":"An element could not be located on the page using the given search parameters","stacktrace":"io.appium.uiautomator2.common.exceptions.ElementNotFoundException: An element could not be located on the page using the given search parameters\n\tat io.appium.uiautomator2.handler.FindElement.findElement(FindElement.java:102)\n\tat io.appium.uiautomator2.handler.FindElement.safeHandle(FindElement.java:72)\n\tat io.appium.uiautomator2.handler.request.SafeRequestHandler.handle(SafeRequestHandler.java:38)\n\tat io.appium.uiautomator2.server.AppiumServlet.handleRequest(AppiumServlet.java:252)\n\tat io.appium.uiautomator2.server.AppiumServlet.handleHttpRequest(AppiumServlet.java:242)\n\tat io.appium.uiautomator2.http.ServerHandler.channelRead(ServerHandler.java:44)\n\tat io.netty.channel.AbstractChannelHandlerContext.invokeChannelRead(AbstractChannelHandlerContext.java:366)\n\tat io.netty.channel.AbstractChannelHandlerCon...
2021-02-27 15:48:48:806 [W3C] Matched W3C error code 'no such element' to NoSuchElementError
2021-02-27 15:48:48:808 [W3C (cc78150d)] Encountered internal error running command: NoSuchElementError: An element could not be located on the page using the given search parameters.
2021-02-27 15:48:48:808 [W3C (cc78150d)]     at AndroidUiautomator2Driver.findElOrEls (C:\Users\Test\AppData\Roaming\npm\node_modules\appium\node_modules\appium-android-driver\lib\commands\find.js:75:11)
2021-02-27 15:48:48:810 [HTTP] <-- POST /wd/hub/session/cc78150d-22ff-4888-b991-45d5d1fb1dd5/element 404 5323 ms - 418
2021-02-27 15:48:48:810 [HTTP] 
2021-02-27 15:48:49:324 [HTTP] --> GET /wd/hub/session/cc78150d-22ff-4888-b991-45d5d1fb1dd5/context
2021-02-27 15:48:49:333 [HTTP] {}
2021-02-27 15:48:49:335 [W3C (cc78150d)] Calling AppiumDriver.getCurrentContext() with args: ["cc78150d-22ff-4888-b991-45d5d1fb1dd5"]
2021-02-27 15:48:49:337 [W3C (cc78150d)] Responding to client with driver.getCurrentContext() result: "NATIVE_APP"
2021-02-27 15:48:49:339 [HTTP] <-- GET /wd/hub/session/cc78150d-22ff-4888-b991-45d5d1fb1dd5/context 200 14 ms - 22
2021-02-27 15:48:49:340 [HTTP] 
2021-02-27 15:48:49:351 [HTTP] --> POST /wd/hub/session/cc78150d-22ff-4888-b991-45d5d1fb1dd5/element
2021-02-27 15:48:49:352 [HTTP] {"using":"xpath","value":"//android.view.ViewGroup[@content-desc=\"test-Description\"]/android.widget.TextView[1]"}
2021-02-27 15:48:49:356 [W3C (cc78150d)] Calling AppiumDriver.findElement() with args: ["xpath","//android.view.ViewGroup[@content-desc=\"test-Description\"]/android.widget.TextView[1]","cc78150d-22ff-4888-b991-45d5d1fb1dd5"]
2021-02-27 15:48:49:359 [BaseDriver] Valid locator strategies for this request: xpath, id, class name, accessibility id, -android uiautomator
2021-02-27 15:48:49:360 [BaseDriver] Waiting up to 0 ms for condition
2021-02-27 15:48:49:362 [WD Proxy] Matched '/element' to command name 'findElement'
2021-02-27 15:48:49:363 [WD Proxy] Proxying [POST /element] to [POST http://localhost:10000/wd/hub/session/85ddd571-dc2f-46ee-85eb-c8da6ac17023/element] with body: {"strategy":"xpath","selector":"//android.view.ViewGroup[@content-desc=\"test-Description\"]/android.widget.TextView[1]","context":"","multiple":false}
2021-02-27 15:48:53:053 [WD Proxy] Got an unexpected response with status 404: {"sessionId":"85ddd571-dc2f-46ee-85eb-c8da6ac17023","value":{"error":"no such element","message":"An element could not be located on the page using the given search parameters","stacktrace":"io.appium.uiautomator2.common.exceptions.ElementNotFoundException: An element could not be located on the page using the given search parameters\n\tat io.appium.uiautomator2.handler.FindElement.findElement(FindElement.java:102)\n\tat io.appium.uiautomator2.handler.FindElement.safeHandle(FindElement.java:72)\n\tat io.appium.uiautomator2.handler.request.SafeRequestHandler.handle(SafeRequestHandler.java:38)\n\tat io.appium.uiautomator2.server.AppiumServlet.handleRequest(AppiumServlet.java:252)\n\tat io.appium.uiautomator2.server.AppiumServlet.handleHttpRequest(AppiumServlet.java:242)\n\tat io.appium.uiautomator2.http.ServerHandler.channelRead(ServerHandler.java:44)\n\tat io.netty.channel.AbstractChannelHandlerContext.invokeChannelRead(AbstractChannelHandlerContext.java:366)\n\tat io.netty.channel.AbstractChannelHandlerCon...
2021-02-27 15:48:53:054 [W3C] Matched W3C error code 'no such element' to NoSuchElementError
2021-02-27 15:48:53:057 [W3C (cc78150d)] Encountered internal error running command: NoSuchElementError: An element could not be located on the page using the given search parameters.
2021-02-27 15:48:53:058 [W3C (cc78150d)]     at AndroidUiautomator2Driver.findElOrEls (C:\Users\Test\AppData\Roaming\npm\node_modules\appium\node_modules\appium-android-driver\lib\commands\find.js:75:11)
2021-02-27 15:48:53:060 [HTTP] <-- POST /wd/hub/session/cc78150d-22ff-4888-b991-45d5d1fb1dd5/element 404 3709 ms - 418
2021-02-27 15:48:53:060 [HTTP] 
2021-02-27 15:48:53:079 [HTTP] --> GET /wd/hub/session/cc78150d-22ff-4888-b991-45d5d1fb1dd5/screenshot
2021-02-27 15:48:53:079 [HTTP] {}
2021-02-27 15:48:53:081 [W3C (cc78150d)] Calling AppiumDriver.getScreenshot() with args: ["cc78150d-22ff-4888-b991-45d5d1fb1dd5"]
2021-02-27 15:48:53:082 [WD Proxy] Matched '/screenshot' to command name 'getScreenshot'
2021-02-27 15:48:53:082 [WD Proxy] Proxying [GET /screenshot] to [GET http://localhost:10000/wd/hub/session/85ddd571-dc2f-46ee-85eb-c8da6ac17023/screenshot] with no body
2021-02-27 15:48:54:879 [WD Proxy] Got response with status 200: {"sessionId":"85ddd571-dc2f-46ee-85eb-c8da6ac17023","value":"iVBORw0KGgoAAAANSUhEUgAABDgAAAkkCAYAAAD508+vAAAABHNCSVQICAgIfAhkiAAAIABJREFU\neJzs3XdYFNf+BvCXurhIb4oFREBBYmwIKoIoGDQJKXo1lqjRXDVRb3K9GpNoNEWNMTHGxJLk2m68\nsUWviVGDGjso9kIUqRaQ3utS9\/cHP8YddmnLUlbfz\/P4PO7MzszZXWBn3jnne3TkcrkcRERERERE\nRERaTLe1G0BERERERERE1FQMOIiIiIiIiIhI6zHgICIiIiIiIiKtx4CDiIiIiIiIiLQeAw4iIiIi\nIiIi0noMOIiIiIiIiIhI6zHgICIiIiIiIiKtx4CDiIiIiIiIiLQeAw4iIiIiIiIi0noMOIiIiIiI\niIhI6zHgICIiIiIiIiKtx4CDiIiIiIiIiLQeAw4iIiIiIiIi0noMOIiIiIiIiIhI6zHgICIiIiIi\nIiKtx4CDiIiIiIiIiLQeAw4iIiIiIiIi0noMOIiIiIiIiIhI6zHgICIiIiIiIiKtx4CDiIiIiIiI\niLQeAw4iIiIiIiIi0noMOIiIiIiIiIhI6zHgICIiIiIiIiKtx4CDiIiIiIiIiLQeAw4iIiIiIiIi\n0noMOIiIiIiIiIhI6zHgICIiIiIiIiKtx4CDiIiIiIiIiLQeAw4iIiIiIiIi0noMOIiIiIiIiIhI\n6zHgICIiIiIiIiKtp9\/aDSAiIiIiouZx7do1lJWVoWvXrujYsaNoXUZGBv766y\/k5ORAKpXC1dUV\njo6OrdNQIiINYMBBRNTMHj58iB9++AFFRUVYuXIl2rVrp9Z+iouL8eGHH6Jdu3aYOXMmT0KJiKhO\nly5dwnvvvQcA+OCDD0QBx6FDh\/Ddd9+hpKREtM348eMxe\/Zs6OjotGhbiYg0gQEHEVEzKS0txZYt\nW7B\/\/35UVFQAAPbs...
2021-02-27 15:48:54:892 [W3C (cc78150d)] Responding to client with driver.getScreenshot() result: "iVBORw0KGgoAAAANSUhEUgAABDgAAAkkCAYAAAD508+vAAAABHNCSVQICAgIfAhkiAAAIABJREFU\neJzs3XdYFNf+BvCXurhIb4oFREBBYmwIKoIoGDQJKXo1lqjRXDVRb3K9GpNoNEWNMTHGxJLk2m68\nsUWviVGDGjso9kIUqRaQ3utS9/cHP8YddmnLUlbfz/P4PO7MzszZXWBn3jnne3TkcrkcRERERERE\nRERaTLe1G0BERERERERE1FQMOIiIiIiIiIhI6zHgICIiIiIiIiKtx4CDiIiIiIiIiLQeAw4iIiIi\nIiIi0noMOIiIiIiIiIhI6zHgICIiIiIiIiKtx4CDiIiIiIiIiLQeAw4iIiIiIiIi0noMOIiIiIiI\niIhI6zHgICIiIiIiIiKtx4CDiIiIiIiIiLQeAw4iIiIiIiIi0noMOIiIiIiIiIhI6zHgICIiIiIi\nIiKtx4CDiIiIiIiIiLQeAw4iIiIiIiIi0noMOIiIiIiIiIhI6zHgICIiIiIiIiKtx4CDiIiIiIiI\niLQeAw4iIiIiIiIi0noMOIiIiIiIiIhI6zHgICIiIiIiIiKtx4CDiIiIiIiIiLQeAw4iIiIiIiIi\n0noMOIiIiIiIiIhI6zHgICIiIiIiIiKtx4CDiIiIiIiIiLQeAw4iIiIiIiIi0noMOIiIiIiIiIhI\n6zHgICIiIiIiIiKtp9/aDSAiIiIiouZx7do1lJWVoWvXrujYsaNoXUZGBv766y/k5ORAKpXC1dUV\njo6OrdNQIiINYMBBRNTMHj58iB9++AFFRUVYuXIl2rVrp9Z+iouL8eGHH6Jdu3aYOXMmT0KJiKhO\nly5dwnvvvQcA+OCDD0QBx6FDh/Ddd9+hpKREtM348eMxe/Zs6OjotGhbiYg0gQEHEVEzKS0txZYt\nW7B//35UVFQAAPbs2YNp06aptb89e/bgxo0bAICLFy9izJgx+Pvf/w4DAwNNNZmIqMnkcjlyc3OR\nm5uLws...
2021-02-27 15:48:54:910 [HTTP] <-- GET /wd/hub/session/cc78150d-22ff-4888-b991-45d5d1fb1dd5/screenshot 200 1830 ms - 1974288
2021-02-27 15:48:54:910 [HTTP] 
2021-02-27 15:48:55:088 [HTTP] --> DELETE /wd/hub/session/cc78150d-22ff-4888-b991-45d5d1fb1dd5
2021-02-27 15:48:55:088 [HTTP] {}
2021-02-27 15:48:55:088 [W3C (cc78150d)] Calling AppiumDriver.deleteSession() with args: ["cc78150d-22ff-4888-b991-45d5d1fb1dd5"]
2021-02-27 15:48:55:088 [BaseDriver] Event 'quitSessionRequested' logged at 1614440935088 (21:18:55 GMT+0530 (India Standard Time))
2021-02-27 15:48:55:089 [Appium] Removing session cc78150d-22ff-4888-b991-45d5d1fb1dd5 from our master session list
2021-02-27 15:48:55:090 [UiAutomator2] Deleting UiAutomator2 session
2021-02-27 15:48:55:090 [UiAutomator2] Deleting UiAutomator2 server session
2021-02-27 15:48:55:091 [WD Proxy] Matched '/' to command name 'deleteSession'
2021-02-27 15:48:55:091 [WD Proxy] Proxying [DELETE /] to [DELETE http://localhost:10000/wd/hub/session/85ddd571-dc2f-46ee-85eb-c8da6ac17023] with no body
2021-02-27 15:48:55:128 [WD Proxy] Got response with status 200: {"sessionId":"85ddd571-dc2f-46ee-85eb-c8da6ac17023","value":null}
2021-02-27 15:48:55:128 [ADB] Running 'C:\Users\Test\AppData\Local\Android\Sdk\platform-tools\adb.exe -P 5037 -s 14f1fd48 shell am force-stop com.swaglabsmobileapp'
2021-02-27 15:48:55:228 [Logcat] Stopping logcat capture
2021-02-27 15:48:55:234 [ADB] Removing forwarded port socket connection: 10000 
2021-02-27 15:48:55:234 [ADB] Running 'C:\Users\Test\AppData\Local\Android\Sdk\platform-tools\adb.exe -P 5037 -s 14f1fd48 forward --remove tcp\:10000'
2021-02-27 15:48:55:280 [UiAutomator2] Restoring hidden api policy to the device default configuration
2021-02-27 15:48:55:280 [ADB] Running 'C:\Users\Test\AppData\Local\Android\Sdk\platform-tools\adb.exe -P 5037 -s 14f1fd48 shell settings delete global hidden_api_policy_pre_p_apps'
2021-02-27 15:48:55:385 [ADB] Running 'C:\Users\Test\AppData\Local\Android\Sdk\platform-tools\adb.exe -P 5037 -s 14f1fd48 shell settings delete global hidden_api_policy_p_apps'
2021-02-27 15:48:55:522 [ADB] Running 'C:\Users\Test\AppData\Local\Android\Sdk\platform-tools\adb.exe -P 5037 -s 14f1fd48 shell settings delete global hidden_api_policy'
2021-02-27 15:48:55:695 [BaseDriver] Event 'quitSessionFinished' logged at 1614440935695 (21:18:55 GMT+0530 (India Standard Time))
2021-02-27 15:48:55:696 [W3C (cc78150d)] Received response: null
2021-02-27 15:48:55:696 [W3C (cc78150d)] But deleting session, so not returning
2021-02-27 15:48:55:696 [W3C (cc78150d)] Responding to client with driver.deleteSession() result: null
2021-02-27 15:48:55:698 [HTTP] <-- DELETE /wd/hub/session/cc78150d-22ff-4888-b991-45d5d1fb1dd5 200 609 ms - 14
2021-02-27 15:48:55:699 [HTTP] 
